-- Medz's PMs Informer --
Time: 15:11:24
Date: 10/01/23
----------------------------------

[PM] From: Monkeyslefttoe(2) | Message: nil | Time: 22:16:20 | Date: 10/01/23
[PM] From: Monkeyslefttoe(2) | Message: nil | Time: 22:16:25 | Date: 10/01/23
[PM] From: NeeeeeeeeeeX(15) | Message: in | Time: 22:16:57 | Date: 10/01/23
[PM] From: Monkeyslefttoe(2) | Message: wheres | Time: 22:17:03 | Date: 10/01/23
[PM] From: NeeeeeeeeeeX(15) | Message: discord? | Time: 22:17:07 | Date: 10/01/23
[PM] From: Monkeyslefttoe(2) | Message: damn | Time: 22:18:03 | Date: 10/01/23
[PM] From: NeeeeeeeeeeX(15) | Message: if | Time: 22:18:17 | Date: 10/01/23
[PM] From: Monkeyslefttoe(2) | Message: wait | Time: 22:18:27 | Date: 10/01/23
[PM] From: NeeeeeeeeeeX(15) | Message: test | Time: 22:18:55 | Date: 10/01/23
[PM] From: NeeeeeeeeeeX(15) | Message: test | Time: 22:20:24 | Date: 10/01/23
[PM] From: Monkeyslefttoe(2) | Message: look | Time: 22:20:29 | Date: 10/01/23
[PM] From: Monkeyslefttoe(2) | Message: nvm | Time: 22:20:37 | Date: 10/01/23
[PM] From: NeeeeeeeeeeX(15) | Message: nil | Time: 22:23:42 | Date: 10/01/23
[PM] From: NeeeeeeeeeeX(15) | Message: test,test | Time: 22:26:32 | Date: 10/01/23
[PM] From: NeeeeeeeeeeX(15) | Message: Test Meow | Time: 22:26:54 | Date: 10/01/23
[PM] From: NeeeeeeeeeeX(15) | Message: sup? | Time: 22:28:21 | Date: 10/01/23
[PM] From: NeeeeeeeeeeX(15) | Message: test | Time: 22:30:49 | Date: 10/01/23
[PM] From: NeeeeeeeeeeX(15) | Message: what's? | Time: 22:30:56 | Date: 10/01/23
[PM] From: NeeeeeeeeeeX(15) | Message: which mod? | Time: 22:31:20 | Date: 10/01/23
[PM] From: NeeeeeeeeeeX(15) | Message: ok | Time: 22:31:36 | Date: 10/01/23
[PM] From: NeeeeeeeeeeX(15) | Message: going play valorant | Time: 22:43:13 | Date: 10/01/23
[PM] From: NeeeeeeeeeeX(15) | Message: cya, good night | Time: 22:43:18 | Date: 10/01/23
[PM] From: Hesham10568(0) | Message: hi | Time: 22:44:31 | Date: 10/01/23
[PM] From: Hesham10568(0) | Message: hi | Time: 22:44:47 | Date: 10/01/23
[PM] From: Hesham10568(0) | Message: how are you bro | Time: 22:45:54 | Date: 10/01/23
[PM] From: Hesham10568(0) | Message: my name is hesham | Time: 22:46:34 | Date: 10/01/23
[PM] From: Hesham10568(0) | Message: could we be friends  | Time: 22:47:20 | Date: 10/01/23
[PM] From: Hesham10568(0) | Message: bro | Time: 22:48:51 | Date: 10/01/23
[PM] From: Hesham10568(0) | Message: bro | Time: 22:49:05 | Date: 10/01/23
[PM] From: Mr.kadh(18) | Message: . | Time: 14:30:17 | Date: 10/02/23
[PM] From: Mr.kadh(18) | Message: ? | Time: 14:30:18 | Date: 10/02/23
[PM] From: Mr.kadh(18) | Message: ? | Time: 14:33:17 | Date: 10/02/23
[PM] From: Mr.kadh(18) | Message: hi  | Time: 14:33:21 | Date: 10/02/23
[PM] From: Mr.kadh(18) | Message: give me rank 1 UFC | Time: 14:35:17 | Date: 10/02/23
[PM] From: PjokerOrange(6) | Message: thankyou my friend  | Time: 20:42:51 | Date: 11/27/23
[PM] From: Xwhite(0) | Message: pro my tgols rank removed how i can get it back? | Time: 20:46:31 | Date: 11/27/23
[PM] From: PjokerOrange(6) | Message: can i join with you team sir ? | Time: 20:47:11 | Date: 11/27/23
[PM] From: PjokerOrange(6) | Message: sure man take ur time  | Time: 20:49:06 | Date: 11/27/23
[PM] From: theninjawizzard(20) | Message: didnt work like | Time: 21:16:29 | Date: 11/27/23
[PM] From: theninjawizzard(20) | Message: ur mods dont even work | Time: 21:16:33 | Date: 11/27/23
[PM] From: Bombshell(11) | Message: Meow, I need you to send only sniper files if you can please | Time: 21:25:41 | Date: 11/27/23
[PM] From: highNasty(16) | Message: do u have new mods? | Time: 22:05:40 | Date: 11/27/23
[PM] From: John.nice(13) | Message: if you want to check mod is active or no restart game  | Time: 22:27:59 | Date: 11/27/23
[PM] From: as]mn123(15) | Message: hi  | Time: 22:44:46 | Date: 11/27/23
[PM] From: theninjawizzard(22) | Message: 1$ ingame i yeet them all in ocean | Time: 23:53:57 | Date: 11/27/23
[PM] From: VILMA.HELMAN(9) | Message: ? | Time: 01:52:31 | Date: 11/28/23
[PM] From: PjokerOrange(11) | Message: hey | Time: 02:12:23 | Date: 11/28/23
[PM] From: PjokerOrange(11) | Message: what are you doing ? | Time: 02:12:31 | Date: 11/28/23
[PM] From: PjokerOrange(11) | Message: Are you interested in the wolf group? | Time: 02:13:44 | Date: 11/28/23
[PM] From: PjokerOrange(11) | Message: You will get a rank  | Time: 02:14:00 | Date: 11/28/23
[PM] From: PjokerOrange(11) | Message: ok sir  | Time: 02:14:37 | Date: 11/28/23
[PM] From: PjokerOrange(11) | Message: You told me a week ago that you would be out of the house for a month  | Time: 02:18:27 | Date: 11/28/23
[PM] From: PjokerOrange(11) | Message: What happened this month, my friend?  | Time: 02:18:44 | Date: 11/28/23
[PM] From: PjokerOrange(11) | Message: I think U busy ? | Time: 02:19:23 | Date: 11/28/23
[PM] From: PjokerOrange(11) | Message: Well we'll talk later  | Time: 02:19:38 | Date: 11/28/23
[PM] From: Yass123(8) | Message: hi | Time: 03:24:23 | Date: 11/28/23
