-- Medz's Received PMs Informer --
Time: 22:19:03
Date: 12/06/23
----------------------------------
[23:10:37 | 12/06/23] From: Tommy(18) - Message: ?
[23:10:46 | 12/06/23] From: Tommy(18) - Message: a sec
[23:49:30 | 12/06/23] From: PjokerOrange(13) - Message: .
[23:49:35 | 12/06/23] From: PjokerOrange(13) - Message: how are you bro.
[23:49:40 | 12/06/23] From: Bombshell(3) - Message: why were you standing?
[23:49:49 | 12/06/23] From: PjokerOrange(13) - Message: ufc will open when ?
[23:50:02 | 12/06/23] From: Bombshell(3) - Message: Ouh
[23:50:28 | 12/06/23] From: Bombshell(3) - Message: Hmm, I knew him, the same airbreaker, so he's ban evading as well.
[23:50:42 | 12/06/23] From: PjokerOrange(13) - Message: i think good idea if you open it 
[23:51:14 | 12/06/23] From: PjokerOrange(13) - Message: events, play for fun in group
[23:52:39 | 12/06/23] From: PjokerOrange(13) - Message: try to open it 
[23:53:00 | 12/06/23] From: PjokerOrange(13) - Message: wait i will join 
[23:53:37 | 12/06/23] From: SoperSoper(16) - Message: hi sir 
[23:53:51 | 12/06/23] From: Mm254444(11) - Message: meow hi
[23:54:05 | 12/06/23] From: Mm254444(11) - Message: pro i can ask you for thing ?
[23:54:32 | 12/06/23] From: Mm254444(11) - Message: UFC applying is open ?
[23:55:25 | 12/06/23] From: SoperSoper(16) - Message: Welcome, brother. I want to ask you a small request, but I am afraid you will refuse
[23:55:26 | 12/06/23] From: Mm254444(11) - Message: UFC applying is open ?
[23:57:23 | 12/06/23] From: zaqwsx(19) - Message: 10 hi
[23:57:24 | 12/06/23] From: Mm254444(11) - Message: UFC applying is open ?
