-- Medz's PMs Informer --
Time: 15:11:24
Date: 10/01/23
----------------------------------

[PM] From: Monkeyslefttoe(2) | Message: nil | Time: 22:16:20 | Date: 10/01/23
[PM] From: Monkeyslefttoe(2) | Message: nil | Time: 22:16:25 | Date: 10/01/23
[PM] From: NeeeeeeeeeeX(15) | Message: in | Time: 22:16:57 | Date: 10/01/23
[PM] From: Monkeyslefttoe(2) | Message: wheres | Time: 22:17:03 | Date: 10/01/23
[PM] From: NeeeeeeeeeeX(15) | Message: discord? | Time: 22:17:07 | Date: 10/01/23
[PM] From: Monkeyslefttoe(2) | Message: damn | Time: 22:18:03 | Date: 10/01/23
[PM] From: NeeeeeeeeeeX(15) | Message: if | Time: 22:18:17 | Date: 10/01/23
[PM] From: Monkeyslefttoe(2) | Message: wait | Time: 22:18:27 | Date: 10/01/23
[PM] From: NeeeeeeeeeeX(15) | Message: test | Time: 22:18:55 | Date: 10/01/23
[PM] From: NeeeeeeeeeeX(15) | Message: test | Time: 22:20:24 | Date: 10/01/23
[PM] From: Monkeyslefttoe(2) | Message: look | Time: 22:20:29 | Date: 10/01/23
[PM] From: Monkeyslefttoe(2) | Message: nvm | Time: 22:20:37 | Date: 10/01/23
[PM] From: NeeeeeeeeeeX(15) | Message: nil | Time: 22:23:42 | Date: 10/01/23
[PM] From: NeeeeeeeeeeX(15) | Message: test,test | Time: 22:26:32 | Date: 10/01/23
[PM] From: NeeeeeeeeeeX(15) | Message: Test Meow | Time: 22:26:54 | Date: 10/01/23
[PM] From: NeeeeeeeeeeX(15) | Message: sup? | Time: 22:28:21 | Date: 10/01/23
[PM] From: NeeeeeeeeeeX(15) | Message: test | Time: 22:30:49 | Date: 10/01/23
[PM] From: NeeeeeeeeeeX(15) | Message: what's? | Time: 22:30:56 | Date: 10/01/23
[PM] From: NeeeeeeeeeeX(15) | Message: which mod? | Time: 22:31:20 | Date: 10/01/23
[PM] From: NeeeeeeeeeeX(15) | Message: ok | Time: 22:31:36 | Date: 10/01/23
[PM] From: NeeeeeeeeeeX(15) | Message: going play valorant | Time: 22:43:13 | Date: 10/01/23
[PM] From: NeeeeeeeeeeX(15) | Message: cya, good night | Time: 22:43:18 | Date: 10/01/23
[PM] From: Hesham10568(0) | Message: hi | Time: 22:44:31 | Date: 10/01/23
[PM] From: Hesham10568(0) | Message: hi | Time: 22:44:47 | Date: 10/01/23
[PM] From: Hesham10568(0) | Message: how are you bro | Time: 22:45:54 | Date: 10/01/23
[PM] From: Hesham10568(0) | Message: my name is hesham | Time: 22:46:34 | Date: 10/01/23
[PM] From: Hesham10568(0) | Message: could we be friends  | Time: 22:47:20 | Date: 10/01/23
[PM] From: Hesham10568(0) | Message: bro | Time: 22:48:51 | Date: 10/01/23
[PM] From: Hesham10568(0) | Message: bro | Time: 22:49:05 | Date: 10/01/23
[PM] From: Mr.kadh(18) | Message: . | Time: 14:30:17 | Date: 10/02/23
[PM] From: Mr.kadh(18) | Message: ? | Time: 14:30:18 | Date: 10/02/23
[PM] From: Mr.kadh(18) | Message: ? | Time: 14:33:17 | Date: 10/02/23
[PM] From: Mr.kadh(18) | Message: hi  | Time: 14:33:21 | Date: 10/02/23
[PM] From: Mr.kadh(18) | Message: give me rank 1 UFC | Time: 14:35:17 | Date: 10/02/23
