-- Medz's Given Hits Informer --
Time: 15:11:24
Date: 10/01/23
----------------------------------

[GIVE] > Name: movamed(17) | Class: Police Officer | Weapon: Silenced 9mm | Damage: 13.20 | Health: 56.00 | Armor: 63.00 | Time: 18:38:30 | Date: 10/01/23
[GIVE] > Name: PAPLO.(9) | Class: Civilian | Weapon: Combat Shotgun | Damage: 39.60 | Health: 100.00 | Armor: 100.00 | Time: 21:55:14 | Date: 10/01/23
[GIVE] > Name: PAPLO.(9) | Class: Civilian | Weapon: Fist | Damage: 1.98 | Health: 100.00 | Armor: 0.00 | Time: 21:55:31 | Date: 10/01/23
[GIVE] > Name: PAPLO.(9) | Class: Civilian | Weapon: Fist | Damage: 5.28 | Health: 100.00 | Armor: 0.00 | Time: 21:55:32 | Date: 10/01/23
[GIVE] > Name: PAPLO.(9) | Class: Civilian | Weapon: Fist | Damage: 6.60 | Health: 100.00 | Armor: 0.00 | Time: 21:55:33 | Date: 10/01/23
[GIVE] > Name: PAPLO.(9) | Class: Civilian | Weapon: Fist | Damage: 6.60 | Health: 100.00 | Armor: 0.00 | Time: 21:55:33 | Date: 10/01/23
[GIVE] > Name: PAPLO.(9) | Class: Civilian | Weapon: Fist | Damage: 6.60 | Health: 100.00 | Armor: 0.00 | Time: 21:55:33 | Date: 10/01/23
[GIVE] > Name: PAPLO.(9) | Class: Civilian | Weapon: Fist | Damage: 1.98 | Health: 100.00 | Armor: 0.00 | Time: 21:55:34 | Date: 10/01/23
[GIVE] > Name: PAPLO.(9) | Class: Civilian | Weapon: Fist | Damage: 5.28 | Health: 100.00 | Armor: 0.00 | Time: 21:55:35 | Date: 10/01/23
[GIVE] > Name: PAPLO.(9) | Class: Civilian | Weapon: Fist | Damage: 1.98 | Health: 100.00 | Armor: 0.00 | Time: 21:55:36 | Date: 10/01/23
[GIVE] > Name: PAPLO.(9) | Class: Civilian | Weapon: Fist | Damage: 5.28 | Health: 100.00 | Armor: 0.00 | Time: 21:55:36 | Date: 10/01/23
[GIVE] > Name: PAPLO.(9) | Class: Civilian | Weapon: Fist | Damage: 1.98 | Health: 100.00 | Armor: 0.00 | Time: 21:55:37 | Date: 10/01/23
[GIVE] > Name: PAPLO.(9) | Class: Civilian | Weapon: Fist | Damage: 5.28 | Health: 100.00 | Armor: 0.00 | Time: 21:55:38 | Date: 10/01/23
[GIVE] > Name: PAPLO.(9) | Class: Civilian | Weapon: Fist | Damage: 6.60 | Health: 100.00 | Armor: 0.00 | Time: 21:55:39 | Date: 10/01/23
[GIVE] > Name: PAPLO.(9) | Class: Civilian | Weapon: Fist | Damage: 6.60 | Health: 100.00 | Armor: 0.00 | Time: 21:55:39 | Date: 10/01/23
[GIVE] > Name: PAPLO.(9) | Class: Civilian | Weapon: Fist | Damage: 6.60 | Health: 100.00 | Armor: 0.00 | Time: 21:55:39 | Date: 10/01/23
[GIVE] > Name: PAPLO.(9) | Class: Civilian | Weapon: Fist | Damage: 1.98 | Health: 100.00 | Armor: 0.00 | Time: 21:55:40 | Date: 10/01/23
[GIVE] > Name: PAPLO.(9) | Class: Civilian | Weapon: Fist | Damage: 5.28 | Health: 100.00 | Armor: 0.00 | Time: 21:55:41 | Date: 10/01/23
[GIVE] > Name: PAPLO.(9) | Class: Civilian | Weapon: Fist | Damage: 6.60 | Health: 100.00 | Armor: 0.00 | Time: 21:55:42 | Date: 10/01/23
[GIVE] > Name: PAPLO.(9) | Class: Civilian | Weapon: Fist | Damage: 6.60 | Health: 100.00 | Armor: 0.00 | Time: 21:55:42 | Date: 10/01/23
[GIVE] > Name: PAPLO.(9) | Class: Civilian | Weapon: Fist | Damage: 6.60 | Health: 100.00 | Armor: 0.00 | Time: 21:55:43 | Date: 10/01/23
[GIVE] > Name: PAPLO.(9) | Class: Civilian | Weapon: Fist | Damage: 1.98 | Health: 100.00 | Armor: 0.00 | Time: 21:55:43 | Date: 10/01/23
[GIVE] > Name: PAPLO.(9) | Class: Civilian | Weapon: Fist | Damage: 5.28 | Health: 100.00 | Armor: 0.00 | Time: 21:55:44 | Date: 10/01/23
[GIVE] > Name: PAPLO.(9) | Class: Civilian | Weapon: Fist | Damage: 6.60 | Health: 100.00 | Armor: 0.00 | Time: 21:55:45 | Date: 10/01/23
[GIVE] > Name: PAPLO.(9) | Class: Civilian | Weapon: Fist | Damage: 6.60 | Health: 100.00 | Armor: 0.00 | Time: 21:55:45 | Date: 10/01/23
[GIVE] > Name: PAPLO.(9) | Class: Civilian | Weapon: Fist | Damage: 6.60 | Health: 100.00 | Armor: 0.00 | Time: 21:55:46 | Date: 10/01/23
[GIVE] > Name: PAPLO.(9) | Class: Civilian | Weapon: Fist | Damage: 1.98 | Health: 100.00 | Armor: 0.00 | Time: 21:55:46 | Date: 10/01/23
[GIVE] > Name: PAPLO.(9) | Class: Civilian | Weapon: Fist | Damage: 5.28 | Health: 100.00 | Armor: 0.00 | Time: 21:55:47 | Date: 10/01/23
[GIVE] > Name: PAPLO.(9) | Class: Civilian | Weapon: Fist | Damage: 6.60 | Health: 100.00 | Armor: 0.00 | Time: 21:55:48 | Date: 10/01/23
[GIVE] > Name: PAPLO.(9) | Class: Civilian | Weapon: Fist | Damage: 6.60 | Health: 100.00 | Armor: 0.00 | Time: 21:55:48 | Date: 10/01/23
[GIVE] > Name: PAPLO.(9) | Class: Civilian | Weapon: Fist | Damage: 1.32 | Health: 100.00 | Armor: 0.00 | Time: 21:56:58 | Date: 10/01/23
[GIVE] > Name: PAPLO.(9) | Class: Civilian | Weapon: Fist | Damage: 3.96 | Health: 100.00 | Armor: 0.00 | Time: 21:56:59 | Date: 10/01/23
[GIVE] > Name: PAPLO.(9) | Class: Civilian | Weapon: Fist | Damage: 2.31 | Health: 98.00 | Armor: 0.00 | Time: 21:57:00 | Date: 10/01/23
[GIVE] > Name: PAPLO.(9) | Class: Civilian | Weapon: Fist | Damage: 3.96 | Health: 91.00 | Armor: 0.00 | Time: 21:57:01 | Date: 10/01/23
[GIVE] > Name: PAPLO.(9) | Class: Civilian | Weapon: Fist | Damage: 1.32 | Health: 91.00 | Armor: 0.00 | Time: 21:57:02 | Date: 10/01/23
[GIVE] > Name: PAPLO.(9) | Class: Civilian | Weapon: Fist | Damage: 1.32 | Health: 91.00 | Armor: 0.00 | Time: 21:57:02 | Date: 10/01/23
[GIVE] > Name: PAPLO.(9) | Class: Civilian | Weapon: Fist | Damage: 1.32 | Health: 91.00 | Armor: 0.00 | Time: 21:57:03 | Date: 10/01/23
[GIVE] > Name: PAPLO.(9) | Class: Civilian | Weapon: Fist | Damage: 2.31 | Health: 91.00 | Armor: 0.00 | Time: 21:57:03 | Date: 10/01/23
[GIVE] > Name: PAPLO.(9) | Class: Civilian | Weapon: Fist | Damage: 3.96 | Health: 84.00 | Armor: 0.00 | Time: 21:57:04 | Date: 10/01/23
[GIVE] > Name: PAPLO.(9) | Class: Civilian | Weapon: Fist | Damage: 1.32 | Health: 84.00 | Armor: 0.00 | Time: 21:57:05 | Date: 10/01/23
[GIVE] > Name: PAPLO.(9) | Class: Civilian | Weapon: Fist | Damage: 1.32 | Health: 77.00 | Armor: 0.00 | Time: 21:57:07 | Date: 10/01/23
[GIVE] > Name: PAPLO.(9) | Class: Civilian | Weapon: Fist | Damage: 2.31 | Health: 77.00 | Armor: 0.00 | Time: 21:57:07 | Date: 10/01/23
[GIVE] > Name: PAPLO.(9) | Class: Civilian | Weapon: Fist | Damage: 3.96 | Health: 77.00 | Armor: 0.00 | Time: 21:57:08 | Date: 10/01/23
[GIVE] > Name: PAPLO.(9) | Class: Civilian | Weapon: Fist | Damage: 2.31 | Health: 70.00 | Armor: 0.00 | Time: 21:57:10 | Date: 10/01/23
[GIVE] > Name: PAPLO.(9) | Class: Civilian | Weapon: Fist | Damage: 1.98 | Health: 70.00 | Armor: 0.00 | Time: 21:57:15 | Date: 10/01/23
[GIVE] > Name: PAPLO.(9) | Class: Civilian | Weapon: Fist | Damage: 5.28 | Health: 70.00 | Armor: 0.00 | Time: 21:57:16 | Date: 10/01/23
[GIVE] > Name: PAPLO.(9) | Class: Civilian | Weapon: Fist | Damage: 1.98 | Health: 63.00 | Armor: 0.00 | Time: 21:57:16 | Date: 10/01/23
[GIVE] > Name: KEREEM.(11) | Class: Civilian | Weapon: Fist | Damage: 1.32 | Health: 100.00 | Armor: 0.00 | Time: 21:57:27 | Date: 10/01/23
[GIVE] > Name: mark_daniel(24) | Class: Police Officer | Weapon: Combat Shotgun | Damage: 34.65 | Health: 70.00 | Armor: 63.00 | Time: 14:34:02 | Date: 10/02/23
[GIVE] > Name: mark_daniel(24) | Class: Police Officer | Weapon: Combat Shotgun | Damage: 4.95 | Health: 70.00 | Armor: 28.00 | Time: 14:34:02 | Date: 10/02/23
[GIVE] > Name: mark_daniel(24) | Class: Police Officer | Weapon: Combat Shotgun | Damage: 4.95 | Health: 70.00 | Armor: 21.00 | Time: 14:34:06 | Date: 10/02/23
[GIVE] > Name: mark_daniel(24) | Class: Police Officer | Weapon: Combat Shotgun | Damage: 9.90 | Health: 70.00 | Armor: 21.00 | Time: 14:34:06 | Date: 10/02/23
[GIVE] > Name: mark_daniel(24) | Class: Police Officer | Weapon: Combat Shotgun | Damage: 39.60 | Health: 70.00 | Armor: 7.00 | Time: 14:34:07 | Date: 10/02/23
[GIVE] > Name: mark_daniel(24) | Class: Police Officer | Weapon: Combat Shotgun | Damage: 34.65 | Health: 28.00 | Armor: 0.00 | Time: 14:34:07 | Date: 10/02/23
[GIVE] > Name: mark_daniel(24) | Class: Police Officer | Weapon: Combat Shotgun | Damage: 4.95 | Health: 35.00 | Armor: 0.00 | Time: 14:34:08 | Date: 10/02/23
[GIVE] > Name: mark_daniel(24) | Class: Police Officer | Weapon: Combat Shotgun | Damage: 39.60 | Health: 35.00 | Armor: 0.00 | Time: 14:34:11 | Date: 10/02/23
[GIVE] > Name: mark_daniel(24) | Class: Dead | Weapon: Combat Shotgun | Damage: 4.95 | Health: 0.00 | Armor: 0.00 | Time: 14:34:11 | Date: 10/02/23
[GIVE] > Name: Bombshell(0) | Class: Police Officer | Weapon: M4 | Damage: 9.90 | Health: 100.00 | Armor: 100.00 | Time: 14:34:59 | Date: 10/02/23
[GIVE] > Name: Bombshell(0) | Class: Police Officer | Weapon: M4 | Damage: 9.90 | Health: 100.00 | Armor: 91.00 | Time: 14:34:59 | Date: 10/02/23
[GIVE] > Name: Bombshell(0) | Class: Police Officer | Weapon: M4 | Damage: 9.90 | Health: 100.00 | Armor: 84.00 | Time: 14:35:00 | Date: 10/02/23
[GIVE] > Name: Bombshell(0) | Class: Police Officer | Weapon: M4 | Damage: 9.90 | Health: 100.00 | Armor: 70.00 | Time: 14:35:01 | Date: 10/02/23
[GIVE] > Name: Bombshell(0) | Class: Police Officer | Weapon: M4 | Damage: 9.90 | Health: 100.00 | Armor: 70.00 | Time: 14:35:01 | Date: 10/02/23
[GIVE] > Name: Bombshell(0) | Class: Police Officer | Weapon: M4 | Damage: 9.90 | Health: 100.00 | Armor: 56.00 | Time: 14:35:01 | Date: 10/02/23
[GIVE] > Name: Bombshell(0) | Class: Police Officer | Weapon: M4 | Damage: 9.90 | Health: 100.00 | Armor: 42.00 | Time: 14:35:02 | Date: 10/02/23
[GIVE] > Name: Bombshell(0) | Class: Police Officer | Weapon: M4 | Damage: 9.90 | Health: 100.00 | Armor: 35.00 | Time: 14:35:03 | Date: 10/02/23
[GIVE] > Name: Bombshell(0) | Class: Police Officer | Weapon: M4 | Damage: 9.90 | Health: 100.00 | Armor: 21.00 | Time: 14:35:03 | Date: 10/02/23
[GIVE] > Name: Bombshell(0) | Class: Police Officer | Weapon: M4 | Damage: 9.90 | Health: 100.00 | Armor: 14.00 | Time: 14:35:04 | Date: 10/02/23
[GIVE] > Name: Bombshell(0) | Class: Police Officer | Weapon: M4 | Damage: 9.90 | Health: 100.00 | Armor: 0.00 | Time: 14:35:04 | Date: 10/02/23
[GIVE] > Name: Bombshell(0) | Class: Police Officer | Weapon: M4 | Damage: 9.90 | Health: 91.00 | Armor: 0.00 | Time: 14:35:04 | Date: 10/02/23
[GIVE] > Name: real_me(1) | Class: Police Officer | Weapon: Sniper Rifle | Damage: 41.25 | Health: 100.00 | Armor: 100.00 | Time: 14:40:05 | Date: 10/02/23
[GIVE] > Name: real_me(1) | Class: Police Officer | Weapon: Sniper Rifle | Damage: 41.25 | Health: 100.00 | Armor: 63.00 | Time: 14:40:10 | Date: 10/02/23
[GIVE] > Name: real_me(1) | Class: Police Officer | Weapon: Sniper Rifle | Damage: 41.25 | Health: 100.00 | Armor: 21.00 | Time: 14:40:11 | Date: 10/02/23
[GIVE] > Name: real_me(1) | Class: Police Officer | Weapon: Combat Shotgun | Damage: 19.80 | Health: 77.00 | Armor: 0.00 | Time: 14:40:13 | Date: 10/02/23
[GIVE] > Name: real_me(1) | Class: Police Officer | Weapon: Combat Shotgun | Damage: 39.60 | Health: 56.00 | Armor: 0.00 | Time: 14:40:13 | Date: 10/02/23
[GIVE] > Name: []_Melly(14) | Class: Highly Wanted | Weapon: Sniper Rifle | Damage: 41.25 | Health: 100.00 | Armor: 100.00 | Time: 14:43:19 | Date: 10/02/23
[GIVE] > Name: []_Melly(14) | Class: Highly Wanted | Weapon: Sniper Rifle | Damage: 41.25 | Health: 100.00 | Armor: 63.00 | Time: 14:43:20 | Date: 10/02/23
[GIVE] > Name: []_Melly(14) | Class: Highly Wanted | Weapon: Sniper Rifle | Damage: 41.25 | Health: 100.00 | Armor: 21.00 | Time: 14:43:21 | Date: 10/02/23
[GIVE] > Name: []_Melly(14) | Class: Highly Wanted | Weapon: Desert Eagle | Damage: 46.20 | Health: 77.00 | Armor: 0.00 | Time: 14:43:39 | Date: 10/02/23
[GIVE] > Name: []_Melly(14) | Class: Highly Wanted | Weapon: Sniper Rifle | Damage: 41.25 | Health: 100.00 | Armor: 0.00 | Time: 14:46:42 | Date: 10/02/23
[GIVE] > Name: []_Melly(14) | Class: Highly Wanted | Weapon: Sniper Rifle | Damage: 41.25 | Health: 63.00 | Armor: 0.00 | Time: 14:46:44 | Date: 10/02/23
[GIVE] > Name: []_Melly(14) | Class: Highly Wanted | Weapon: Sniper Rifle | Damage: 41.25 | Health: 21.00 | Armor: 0.00 | Time: 14:46:46 | Date: 10/02/23
[GIVE] > Name: Hassmenol(25) | Class: Highly Wanted | Weapon: Sniper Rifle | Damage: 41.25 | Health: 100.00 | Armor: 63.00 | Time: 14:46:52 | Date: 10/02/23
[GIVE] > Name: Hassmenol(25) | Class: Highly Wanted | Weapon: Sawnoff Shotgun | Damage: 6.60 | Health: 100.00 | Armor: 21.00 | Time: 14:46:57 | Date: 10/02/23
[GIVE] > Name: Hassmenol(25) | Class: Highly Wanted | Weapon: Sawnoff Shotgun | Damage: 19.80 | Health: 100.00 | Armor: 14.00 | Time: 14:46:57 | Date: 10/02/23
[GIVE] > Name: Hassmenol(25) | Class: Highly Wanted | Weapon: Sawnoff Shotgun | Damage: 9.90 | Health: 100.00 | Armor: 14.00 | Time: 14:46:58 | Date: 10/02/23
[GIVE] > Name: Hassmenol(25) | Class: Highly Wanted | Weapon: Sawnoff Shotgun | Damage: 16.50 | Health: 100.00 | Armor: 14.00 | Time: 14:46:59 | Date: 10/02/23
[GIVE] > Name: Hassmenol(25) | Class: Highly Wanted | Weapon: Sawnoff Shotgun | Damage: 13.20 | Health: 100.00 | Armor: 7.00 | Time: 14:47:00 | Date: 10/02/23
[GIVE] > Name: Hassmenol(25) | Class: Highly Wanted | Weapon: Sawnoff Shotgun | Damage: 13.20 | Health: 98.00 | Armor: 0.00 | Time: 14:47:01 | Date: 10/02/23
[GIVE] > Name: Hassmenol(25) | Class: Highly Wanted | Weapon: Sawnoff Shotgun | Damage: 9.90 | Health: 91.00 | Armor: 0.00 | Time: 14:47:02 | Date: 10/02/23
[GIVE] > Name: Hassmenol(25) | Class: Highly Wanted | Weapon: Sawnoff Shotgun | Damage: 6.60 | Health: 84.00 | Armor: 0.00 | Time: 14:47:03 | Date: 10/02/23
[GIVE] > Name: Hassmenol(25) | Class: Highly Wanted | Weapon: Sawnoff Shotgun | Damage: 6.60 | Health: 63.00 | Armor: 0.00 | Time: 14:47:09 | Date: 10/02/23
[GIVE] > Name: Hassmenol(25) | Class: Highly Wanted | Weapon: Desert Eagle | Damage: 46.20 | Health: 56.00 | Armor: 0.00 | Time: 14:47:10 | Date: 10/02/23
[GIVE] > Name: Hassmenol(25) | Class: Highly Wanted | Weapon: Sniper Rifle | Damage: 41.25 | Health: 14.00 | Armor: 0.00 | Time: 14:47:28 | Date: 10/02/23
[GIVE] > Name: NeeeeeeeeeeX(9) | Class: Highly Wanted | Weapon: Sniper Rifle | Damage: 41.25 | Health: 77.00 | Armor: 100.00 | Time: 14:47:38 | Date: 10/02/23
[GIVE] > Name: NeeeeeeeeeeX(9) | Class: Highly Wanted | Weapon: Sniper Rifle | Damage: 41.25 | Health: 77.00 | Armor: 63.00 | Time: 14:47:39 | Date: 10/02/23
[GIVE] > Name: jompwe125(15) | Class: Highly Wanted | Weapon: Sniper Rifle | Damage: 41.25 | Health: 77.00 | Armor: 63.00 | Time: 14:47:40 | Date: 10/02/23
[GIVE] > Name: jompwe125(15) | Class: Highly Wanted | Weapon: Sniper Rifle | Damage: 41.25 | Health: 77.00 | Armor: 21.00 | Time: 14:47:42 | Date: 10/02/23
[GIVE] > Name: jompwe125(15) | Class: Highly Wanted | Weapon: Sniper Rifle | Damage: 41.25 | Health: 56.00 | Armor: 0.00 | Time: 14:47:43 | Date: 10/02/23
[GIVE] > Name: jompwe125(15) | Class: Highly Wanted | Weapon: Sniper Rifle | Damage: 41.25 | Health: 14.00 | Armor: 0.00 | Time: 14:47:44 | Date: 10/02/23
[GIVE] > Name: Gomez(23) | Class: Wanted | Weapon: Sniper Rifle | Damage: 41.25 | Health: 100.00 | Armor: 0.00 | Time: 14:47:45 | Date: 10/02/23
[GIVE] > Name: Xspencer(21) | Class: Low Wanted | Weapon: Sniper Rifle | Damage: 41.25 | Health: 100.00 | Armor: 0.00 | Time: 14:47:46 | Date: 10/02/23
[GIVE] > Name: NeeeeeeeeeeX(9) | Class: Highly Wanted | Weapon: Sniper Rifle | Damage: 41.25 | Health: 77.00 | Armor: 21.00 | Time: 14:47:54 | Date: 10/02/23
[GIVE] > Name: NeeeeeeeeeeX(9) | Class: Highly Wanted | Weapon: Sniper Rifle | Damage: 41.25 | Health: 56.00 | Armor: 0.00 | Time: 14:47:56 | Date: 10/02/23
[GIVE] > Name: NeeeeeeeeeeX(9) | Class: Highly Wanted | Weapon: Sniper Rifle | Damage: 41.25 | Health: 14.00 | Armor: 0.00 | Time: 14:47:57 | Date: 10/02/23
[GIVE] > Name: .Echo(7) | Class: Police Officer | Weapon: Sniper Rifle | Damage: 41.25 | Health: 100.00 | Armor: 100.00 | Time: 13:08:05 | Date: 10/04/23
[GIVE] > Name: .Echo(7) | Class: Police Officer | Weapon: Sniper Rifle | Damage: 41.25 | Health: 100.00 | Armor: 63.00 | Time: 13:08:06 | Date: 10/04/23
[GIVE] > Name: .Echo(7) | Class: Police Officer | Weapon: Sniper Rifle | Damage: 41.25 | Health: 100.00 | Armor: 21.00 | Time: 13:08:09 | Date: 10/04/23
[GIVE] > Name: .Echo(7) | Class: Police Officer | Weapon: Sniper Rifle | Damage: 41.25 | Health: 77.00 | Armor: 0.00 | Time: 13:08:10 | Date: 10/04/23
[GIVE] > Name: .Echo(7) | Class: Police Officer | Weapon: Sniper Rifle | Damage: 41.25 | Health: 35.00 | Armor: 0.00 | Time: 13:08:16 | Date: 10/04/23
[GIVE] > Name: KYL3(21) | Class: Police Officer | Weapon: Sniper Rifle | Damage: 41.25 | Health: 77.00 | Armor: 21.00 | Time: 13:09:27 | Date: 10/04/23
[GIVE] > Name: KYL3(21) | Class: Police Officer | Weapon: Sniper Rifle | Damage: 41.25 | Health: 56.00 | Armor: 0.00 | Time: 13:09:28 | Date: 10/04/23
[GIVE] > Name: KYL3(21) | Class: Police Officer | Weapon: Sniper Rifle | Damage: 41.25 | Health: 14.00 | Armor: 0.00 | Time: 13:09:50 | Date: 10/04/23
[GIVE] > Name: Bombshell(18) | Class: Police Officer | Weapon: M4 | Damage: 9.90 | Health: 98.00 | Armor: 100.00 | Time: 13:13:15 | Date: 10/04/23
[GIVE] > Name: Bombshell(18) | Class: Police Officer | Weapon: M4 | Damage: 9.90 | Health: 98.00 | Armor: 91.00 | Time: 13:13:17 | Date: 10/04/23
[GIVE] > Name: Bombshell(18) | Class: Police Officer | Weapon: M4 | Damage: 9.90 | Health: 98.00 | Armor: 91.00 | Time: 13:13:18 | Date: 10/04/23
[GIVE] > Name: Bombshell(18) | Class: Police Officer | Weapon: M4 | Damage: 9.90 | Health: 98.00 | Armor: 70.00 | Time: 13:13:18 | Date: 10/04/23
[GIVE] > Name: Bombshell(18) | Class: Police Officer | Weapon: M4 | Damage: 9.90 | Health: 98.00 | Armor: 70.00 | Time: 13:13:18 | Date: 10/04/23
[GIVE] > Name: Bombshell(18) | Class: Police Officer | Weapon: M4 | Damage: 9.90 | Health: 98.00 | Armor: 63.00 | Time: 13:13:18 | Date: 10/04/23
[GIVE] > Name: Bombshell(18) | Class: Police Officer | Weapon: M4 | Damage: 9.90 | Health: 98.00 | Armor: 63.00 | Time: 13:13:18 | Date: 10/04/23
[GIVE] > Name: Bombshell(18) | Class: Police Officer | Weapon: M4 | Damage: 9.90 | Health: 98.00 | Armor: 63.00 | Time: 13:13:18 | Date: 10/04/23
[GIVE] > Name: Bombshell(18) | Class: Police Officer | Weapon: M4 | Damage: 9.90 | Health: 98.00 | Armor: 63.00 | Time: 13:13:18 | Date: 10/04/23
[GIVE] > Name: Bombshell(18) | Class: Police Officer | Weapon: M4 | Damage: 9.90 | Health: 98.00 | Armor: 63.00 | Time: 13:13:19 | Date: 10/04/23
[GIVE] > Name: Bombshell(18) | Class: Police Officer | Weapon: M4 | Damage: 9.90 | Health: 98.00 | Armor: 63.00 | Time: 13:13:19 | Date: 10/04/23
[GIVE] > Name: Bombshell(18) | Class: Police Officer | Weapon: M4 | Damage: 9.90 | Health: 98.00 | Armor: 63.00 | Time: 13:13:19 | Date: 10/04/23
[GIVE] > Name: Bombshell(18) | Class: Police Officer | Weapon: M4 | Damage: 9.90 | Health: 84.00 | Armor: 0.00 | Time: 13:13:19 | Date: 10/04/23
[GIVE] > Name: Bombshell(18) | Class: Police Officer | Weapon: M4 | Damage: 9.90 | Health: 70.00 | Armor: 0.00 | Time: 13:13:19 | Date: 10/04/23
[GIVE] > Name: Bombshell(18) | Class: Police Officer | Weapon: M4 | Damage: 9.90 | Health: 56.00 | Armor: 0.00 | Time: 13:13:19 | Date: 10/04/23
[GIVE] > Name: Bombshell(18) | Class: Police Officer | Weapon: M4 | Damage: 9.90 | Health: 42.00 | Armor: 0.00 | Time: 13:13:19 | Date: 10/04/23
[GIVE] > Name: Bombshell(18) | Class: Police Officer | Weapon: M4 | Damage: 9.90 | Health: 42.00 | Armor: 0.00 | Time: 13:13:19 | Date: 10/04/23
[GIVE] > Name: Bombshell(18) | Class: Police Officer | Weapon: M4 | Damage: 9.90 | Health: 28.00 | Armor: 0.00 | Time: 13:13:20 | Date: 10/04/23
[GIVE] > Name: Bombshell(18) | Class: Police Officer | Weapon: M4 | Damage: 9.90 | Health: 21.00 | Armor: 0.00 | Time: 13:13:20 | Date: 10/04/23
[GIVE] > Name: Bombshell(18) | Class: Police Officer | Weapon: M4 | Damage: 9.90 | Health: 14.00 | Armor: 0.00 | Time: 13:13:20 | Date: 10/04/23
[GIVE] > Name: Bombshell(18) | Class: Dead | Weapon: M4 | Damage: 9.90 | Health: 0.00 | Armor: 0.00 | Time: 13:13:20 | Date: 10/04/23
[GIVE] > Name: weakshit(10) | Class: Highly Wanted | Weapon: MP5 | Damage: 8.25 | Health: 70.00 | Armor: 0.00 | Time: 16:04:24 | Date: 10/30/23
[GIVE] > Name: weakshit(10) | Class: Highly Wanted | Weapon: MP5 | Damage: 8.25 | Health: 63.00 | Armor: 0.00 | Time: 16:04:25 | Date: 10/30/23
[GIVE] > Name: weakshit(10) | Class: Highly Wanted | Weapon: MP5 | Damage: 8.25 | Health: 56.00 | Armor: 0.00 | Time: 16:04:25 | Date: 10/30/23
[GIVE] > Name: weakshit(10) | Class: Highly Wanted | Weapon: MP5 | Damage: 8.25 | Health: 49.00 | Armor: 0.00 | Time: 16:04:26 | Date: 10/30/23
[GIVE] > Name: weakshit(10) | Class: Highly Wanted | Weapon: MP5 | Damage: 8.25 | Health: 42.00 | Armor: 0.00 | Time: 16:04:26 | Date: 10/30/23
[GIVE] > Name: weakshit(10) | Class: Highly Wanted | Weapon: MP5 | Damage: 8.25 | Health: 28.00 | Armor: 0.00 | Time: 16:04:26 | Date: 10/30/23
[GIVE] > Name: weakshit(10) | Class: Highly Wanted | Weapon: MP5 | Damage: 8.25 | Health: 14.00 | Armor: 0.00 | Time: 16:04:26 | Date: 10/30/23
[GIVE] > Name: weakshit(10) | Class: Highly Wanted | Weapon: MP5 | Damage: 8.25 | Health: 7.00 | Armor: 0.00 | Time: 16:04:26 | Date: 10/30/23
[GIVE] > Name: weakshit(10) | Class: Highly Wanted | Weapon: MP5 | Damage: 8.25 | Health: 7.00 | Armor: 0.00 | Time: 16:04:26 | Date: 10/30/23
[GIVE] > Name: Wood_fox(20) | Class: Highly Wanted | Weapon: Sniper Rifle | Damage: 41.25 | Health: 100.00 | Armor: 98.00 | Time: 14:07:34 | Date: 11/25/23
[GIVE] > Name: Wood_fox(20) | Class: Highly Wanted | Weapon: Sniper Rifle | Damage: 41.25 | Health: 100.00 | Armor: 56.00 | Time: 14:07:51 | Date: 11/25/23
[GIVE] > Name: Wood_fox(20) | Class: Highly Wanted | Weapon: Sniper Rifle | Damage: 41.25 | Health: 100.00 | Armor: 21.00 | Time: 14:08:15 | Date: 11/25/23
[GIVE] > Name: Wood_fox(20) | Class: Highly Wanted | Weapon: Sniper Rifle | Damage: 41.25 | Health: 49.00 | Armor: 0.00 | Time: 14:08:40 | Date: 11/25/23
[GIVE] > Name: Wood_fox(20) | Class: Highly Wanted | Weapon: Sniper Rifle | Damage: 41.25 | Health: 7.00 | Armor: 0.00 | Time: 14:08:43 | Date: 11/25/23
[GIVE] > Name: mr.buktot(9) | Class: Most Wanted | Weapon: Sniper Rifle | Damage: 41.25 | Health: 100.00 | Armor: 70.00 | Time: 14:09:53 | Date: 11/25/23
[GIVE] > Name: mr.buktot(9) | Class: Most Wanted | Weapon: Sniper Rifle | Damage: 41.25 | Health: 100.00 | Armor: 35.00 | Time: 14:09:54 | Date: 11/25/23
[GIVE] > Name: mr.buktot(9) | Class: Most Wanted | Weapon: Sawnoff Shotgun | Damage: 23.10 | Health: 91.00 | Armor: 0.00 | Time: 14:09:57 | Date: 11/25/23
[GIVE] > Name: mr.buktot(9) | Class: Most Wanted | Weapon: Sawnoff Shotgun | Damage: 29.70 | Health: 77.00 | Armor: 0.00 | Time: 14:09:57 | Date: 11/25/23
[GIVE] > Name: sultaN(0) | Class: Most Wanted | Weapon: Sniper Rifle | Damage: 41.25 | Health: 100.00 | Armor: 100.00 | Time: 13:44:14 | Date: 11/26/23
[GIVE] > Name: PhaddyKing..(16) | Class: Highly Wanted | Weapon: Sniper Rifle | Damage: 41.25 | Health: 100.00 | Armor: 100.00 | Time: 13:44:16 | Date: 11/26/23
[GIVE] > Name: PhaddyKing..(16) | Class: Highly Wanted | Weapon: Sniper Rifle | Damage: 41.25 | Health: 100.00 | Armor: 63.00 | Time: 13:44:17 | Date: 11/26/23
[GIVE] > Name: sultaN(0) | Class: Most Wanted | Weapon: Sniper Rifle | Damage: 41.25 | Health: 100.00 | Armor: 63.00 | Time: 13:45:01 | Date: 11/26/23
[GIVE] > Name: sultaN(0) | Class: Most Wanted | Weapon: Sniper Rifle | Damage: 41.25 | Health: 100.00 | Armor: 21.00 | Time: 13:45:02 | Date: 11/26/23
[GIVE] > Name: sultaN(0) | Class: Most Wanted | Weapon: Sniper Rifle | Damage: 41.25 | Health: 77.00 | Armor: 0.00 | Time: 13:45:03 | Date: 11/26/23
[GIVE] > Name: sultaN(0) | Class: Most Wanted | Weapon: Sniper Rifle | Damage: 41.25 | Health: 35.00 | Armor: 0.00 | Time: 13:45:04 | Date: 11/26/23
[GIVE] > Name: PhaddyKing..(16) | Class: Highly Wanted | Weapon: Sniper Rifle | Damage: 41.25 | Health: 100.00 | Armor: 21.00 | Time: 13:45:07 | Date: 11/26/23
[GIVE] > Name: PhaddyKing..(16) | Class: Highly Wanted | Weapon: Sniper Rifle | Damage: 41.25 | Health: 77.00 | Armor: 0.00 | Time: 13:45:08 | Date: 11/26/23
[GIVE] > Name: PhaddyKing..(16) | Class: Most Wanted | Weapon: Desert Eagle | Damage: 46.20 | Health: 35.00 | Armor: 0.00 | Time: 13:45:50 | Date: 11/26/23
[GIVE] > Name: PhaddyKing..(16) | Class: Wanted | Weapon: M4 | Damage: 9.90 | Health: 100.00 | Armor: 100.00 | Time: 13:47:46 | Date: 11/26/23
[GIVE] > Name: PhaddyKing..(16) | Class: Wanted | Weapon: M4 | Damage: 9.90 | Health: 100.00 | Armor: 91.00 | Time: 13:47:47 | Date: 11/26/23
[GIVE] > Name: xRNxMOHAMED(17) | Class: Wanted | Weapon: M4 | Damage: 9.90 | Health: 100.00 | Armor: 100.00 | Time: 13:47:49 | Date: 11/26/23
[GIVE] > Name: xRNxMOHAMED(17) | Class: Wanted | Weapon: M4 | Damage: 9.90 | Health: 100.00 | Armor: 91.00 | Time: 13:47:49 | Date: 11/26/23
[GIVE] > Name: xRNxMOHAMED(17) | Class: Wanted | Weapon: M4 | Damage: 9.90 | Health: 100.00 | Armor: 84.00 | Time: 13:47:50 | Date: 11/26/23
[GIVE] > Name: xRNxMOHAMED(17) | Class: Wanted | Weapon: Sniper Rifle | Damage: 41.25 | Health: 100.00 | Armor: 70.00 | Time: 13:47:54 | Date: 11/26/23
[GIVE] > Name: xRNxMOHAMED(17) | Class: Wanted | Weapon: Sniper Rifle | Damage: 41.25 | Health: 100.00 | Armor: 35.00 | Time: 13:47:56 | Date: 11/26/23
[GIVE] > Name: Chainsmoker(15) | Class: Highly Wanted | Weapon: Sniper Rifle | Damage: 41.25 | Health: 100.00 | Armor: 100.00 | Time: 13:48:05 | Date: 11/26/23
[GIVE] > Name: Urbaniest(7) | Class: Most Wanted | Weapon: Sniper Rifle | Damage: 41.25 | Health: 100.00 | Armor: 0.00 | Time: 13:49:17 | Date: 11/26/23
[GIVE] > Name: Urbaniest(7) | Class: Most Wanted | Weapon: MP5 | Damage: 8.25 | Health: 63.00 | Armor: 0.00 | Time: 13:49:25 | Date: 11/26/23
[GIVE] > Name: Urbaniest(7) | Class: Most Wanted | Weapon: MP5 | Damage: 8.25 | Health: 63.00 | Armor: 0.00 | Time: 13:49:25 | Date: 11/26/23
[GIVE] > Name: Urbaniest(7) | Class: Most Wanted | Weapon: MP5 | Damage: 8.25 | Health: 56.00 | Armor: 0.00 | Time: 13:49:25 | Date: 11/26/23
[GIVE] > Name: Urbaniest(7) | Class: Most Wanted | Weapon: MP5 | Damage: 8.25 | Health: 49.00 | Armor: 0.00 | Time: 13:49:25 | Date: 11/26/23
[GIVE] > Name: Urbaniest(7) | Class: Most Wanted | Weapon: Sniper Rifle | Damage: 41.25 | Health: 28.00 | Armor: 0.00 | Time: 13:49:26 | Date: 11/26/23
[GIVE] > Name: sultaN(0) | Class: Wanted | Weapon: Sniper Rifle | Damage: 41.25 | Health: 100.00 | Armor: 100.00 | Time: 13:49:33 | Date: 11/26/23
[GIVE] > Name: sultaN(0) | Class: Wanted | Weapon: Sniper Rifle | Damage: 41.25 | Health: 100.00 | Armor: 63.00 | Time: 13:49:35 | Date: 11/26/23
[GIVE] > Name: sultaN(0) | Class: Wanted | Weapon: Sniper Rifle | Damage: 41.25 | Health: 100.00 | Armor: 21.00 | Time: 13:49:37 | Date: 11/26/23
[GIVE] > Name: PhaddyKing..(16) | Class: Highly Wanted | Weapon: Sniper Rifle | Damage: 41.25 | Health: 100.00 | Armor: 100.00 | Time: 13:51:22 | Date: 11/26/23
[GIVE] > Name: PhaddyKing..(16) | Class: Highly Wanted | Weapon: Sniper Rifle | Damage: 41.25 | Health: 100.00 | Armor: 63.00 | Time: 13:51:25 | Date: 11/26/23
[GIVE] > Name: PhaddyKing..(16) | Class: Highly Wanted | Weapon: Sniper Rifle | Damage: 41.25 | Health: 100.00 | Armor: 21.00 | Time: 13:51:26 | Date: 11/26/23
[GIVE] > Name: xRNxMOHAMED(17) | Class: Highly Wanted | Weapon: Sniper Rifle | Damage: 41.25 | Health: 91.00 | Armor: 84.00 | Time: 13:51:44 | Date: 11/26/23
[GIVE] > Name: xRNxMOHAMED(17) | Class: Highly Wanted | Weapon: Sniper Rifle | Damage: 41.25 | Health: 91.00 | Armor: 42.00 | Time: 13:51:45 | Date: 11/26/23
[GIVE] > Name: [masong](14) | Class: Highly Wanted | Weapon: Sniper Rifle | Damage: 41.25 | Health: 77.00 | Armor: 91.00 | Time: 13:51:59 | Date: 11/26/23
[GIVE] > Name: [masong](14) | Class: Highly Wanted | Weapon: Sniper Rifle | Damage: 41.25 | Health: 77.00 | Armor: 49.00 | Time: 13:52:01 | Date: 11/26/23
[GIVE] > Name: [masong](14) | Class: Highly Wanted | Weapon: Sniper Rifle | Damage: 41.25 | Health: 77.00 | Armor: 7.00 | Time: 13:52:14 | Date: 11/26/23
[GIVE] > Name: [masong](14) | Class: Highly Wanted | Weapon: Sniper Rifle | Damage: 41.25 | Health: 42.00 | Armor: 0.00 | Time: 13:52:19 | Date: 11/26/23
[GIVE] > Name: sultaN(0) | Class: Highly Wanted | Weapon: Sawnoff Shotgun | Damage: 6.60 | Health: 100.00 | Armor: 0.00 | Time: 13:52:22 | Date: 11/26/23
[GIVE] > Name: sultaN(0) | Class: Highly Wanted | Weapon: Sawnoff Shotgun | Damage: 16.50 | Health: 98.00 | Armor: 0.00 | Time: 13:52:22 | Date: 11/26/23
[GIVE] > Name: sultaN(0) | Class: Highly Wanted | Weapon: Sawnoff Shotgun | Damage: 13.20 | Health: 91.00 | Armor: 0.00 | Time: 13:52:22 | Date: 11/26/23
[GIVE] > Name: sultaN(0) | Class: Highly Wanted | Weapon: Sawnoff Shotgun | Damage: 46.20 | Health: 84.00 | Armor: 0.00 | Time: 13:52:23 | Date: 11/26/23
[GIVE] > Name: sultaN(0) | Class: Highly Wanted | Weapon: Sawnoff Shotgun | Damage: 9.90 | Health: 56.00 | Armor: 0.00 | Time: 13:52:23 | Date: 11/26/23
[GIVE] > Name: sultaN(0) | Class: Highly Wanted | Weapon: Sawnoff Shotgun | Damage: 19.80 | Health: 49.00 | Armor: 0.00 | Time: 13:52:24 | Date: 11/26/23
[GIVE] > Name: sultaN(0) | Class: Highly Wanted | Weapon: Sawnoff Shotgun | Damage: 3.30 | Health: 35.00 | Armor: 0.00 | Time: 13:52:24 | Date: 11/26/23
[GIVE] > Name: sultaN(0) | Class: Highly Wanted | Weapon: Sawnoff Shotgun | Damage: 19.80 | Health: 35.00 | Armor: 0.00 | Time: 13:52:25 | Date: 11/26/23
[GIVE] > Name: sultaN(0) | Class: Highly Wanted | Weapon: Desert Eagle | Damage: 46.20 | Health: 35.00 | Armor: 0.00 | Time: 13:52:28 | Date: 11/26/23
[GIVE] > Name: PhaddyKing..(16) | Class: Highly Wanted | Weapon: Sniper Rifle | Damage: 41.25 | Health: 56.00 | Armor: 0.00 | Time: 13:52:40 | Date: 11/26/23
[GIVE] > Name: [masong](14) | Class: Highly Wanted | Weapon: M4 | Damage: 9.90 | Health: 100.00 | Armor: 0.00 | Time: 13:55:17 | Date: 11/26/23
[GIVE] > Name: [masong](14) | Class: Highly Wanted | Weapon: M4 | Damage: 9.90 | Health: 100.00 | Armor: 0.00 | Time: 13:55:17 | Date: 11/26/23
[GIVE] > Name: [masong](14) | Class: Highly Wanted | Weapon: M4 | Damage: 9.90 | Health: 84.00 | Armor: 0.00 | Time: 13:55:18 | Date: 11/26/23
[GIVE] > Name: [masong](14) | Class: Highly Wanted | Weapon: M4 | Damage: 9.90 | Health: 77.00 | Armor: 0.00 | Time: 13:55:18 | Date: 11/26/23
[GIVE] > Name: PhaddyKing..(16) | Class: Most Wanted | Weapon: Sniper Rifle | Damage: 41.25 | Health: 100.00 | Armor: 100.00 | Time: 13:55:24 | Date: 11/26/23
[GIVE] > Name: PhaddyKing..(16) | Class: Most Wanted | Weapon: M4 | Damage: 9.90 | Health: 100.00 | Armor: 63.00 | Time: 13:55:27 | Date: 11/26/23
[GIVE] > Name: PhaddyKing..(16) | Class: Most Wanted | Weapon: M4 | Damage: 9.90 | Health: 100.00 | Armor: 49.00 | Time: 13:55:27 | Date: 11/26/23
[GIVE] > Name: PhaddyKing..(16) | Class: Most Wanted | Weapon: M4 | Damage: 9.90 | Health: 100.00 | Armor: 49.00 | Time: 13:55:27 | Date: 11/26/23
[GIVE] > Name: PhaddyKing..(16) | Class: Most Wanted | Weapon: M4 | Damage: 9.90 | Health: 100.00 | Armor: 35.00 | Time: 13:55:27 | Date: 11/26/23
[GIVE] > Name: PhaddyKing..(16) | Class: Most Wanted | Weapon: M4 | Damage: 9.90 | Health: 100.00 | Armor: 35.00 | Time: 13:55:27 | Date: 11/26/23
[GIVE] > Name: PhaddyKing..(16) | Class: Most Wanted | Weapon: M4 | Damage: 9.90 | Health: 100.00 | Armor: 21.00 | Time: 13:55:27 | Date: 11/26/23
[GIVE] > Name: PhaddyKing..(16) | Class: Most Wanted | Weapon: M4 | Damage: 9.90 | Health: 100.00 | Armor: 0.00 | Time: 13:55:27 | Date: 11/26/23
[GIVE] > Name: PhaddyKing..(16) | Class: Most Wanted | Weapon: M4 | Damage: 9.90 | Health: 91.00 | Armor: 0.00 | Time: 13:55:27 | Date: 11/26/23
[GIVE] > Name: PhaddyKing..(16) | Class: Most Wanted | Weapon: M4 | Damage: 9.90 | Health: 84.00 | Armor: 0.00 | Time: 13:55:28 | Date: 11/26/23
[GIVE] > Name: PhaddyKing..(16) | Class: Most Wanted | Weapon: M4 | Damage: 9.90 | Health: 70.00 | Armor: 0.00 | Time: 13:55:28 | Date: 11/26/23
[GIVE] > Name: PhaddyKing..(16) | Class: Most Wanted | Weapon: M4 | Damage: 9.90 | Health: 63.00 | Armor: 0.00 | Time: 13:55:28 | Date: 11/26/23
[GIVE] > Name: PhaddyKing..(16) | Class: Most Wanted | Weapon: M4 | Damage: 9.90 | Health: 49.00 | Armor: 0.00 | Time: 13:55:28 | Date: 11/26/23
[GIVE] > Name: PhaddyKing..(16) | Class: Most Wanted | Weapon: M4 | Damage: 9.90 | Health: 42.00 | Armor: 0.00 | Time: 13:55:28 | Date: 11/26/23
[GIVE] > Name: PhaddyKing..(16) | Class: Most Wanted | Weapon: M4 | Damage: 9.90 | Health: 35.00 | Armor: 0.00 | Time: 13:55:28 | Date: 11/26/23
[GIVE] > Name: PhaddyKing..(16) | Class: Most Wanted | Weapon: M4 | Damage: 9.90 | Health: 21.00 | Armor: 0.00 | Time: 13:55:28 | Date: 11/26/23
[GIVE] > Name: PhaddyKing..(16) | Class: Most Wanted | Weapon: M4 | Damage: 9.90 | Health: 14.00 | Armor: 0.00 | Time: 13:55:28 | Date: 11/26/23
[GIVE] > Name: PhaddyKing..(16) | Class: Dead | Weapon: M4 | Damage: 9.90 | Health: 0.00 | Armor: 0.00 | Time: 13:55:29 | Date: 11/26/23
[GIVE] > Name: Vincent_Pogi_GODs(19) | Class: Civilian | Weapon: Combat Shotgun | Damage: 9.90 | Health: 100.00 | Armor: 0.00 | Time: 14:04:37 | Date: 11/26/23
[GIVE] > Name: Vincent_Pogi_GODs(19) | Class: Civilian | Weapon: Combat Shotgun | Damage: 19.80 | Health: 100.00 | Armor: 0.00 | Time: 14:04:37 | Date: 11/26/23
[GIVE] > Name: Vincent_Pogi_GODs(19) | Class: Civilian | Weapon: M4 | Damage: 9.90 | Health: 100.00 | Armor: 0.00 | Time: 14:04:38 | Date: 11/26/23
[GIVE] > Name: Vincent_Pogi_GODs(19) | Class: Civilian | Weapon: M4 | Damage: 9.90 | Health: 100.00 | Armor: 0.00 | Time: 14:04:38 | Date: 11/26/23
[GIVE] > Name: Vincent_Pogi_GODs(19) | Class: Civilian | Weapon: M4 | Damage: 9.90 | Health: 100.00 | Armor: 0.00 | Time: 14:04:39 | Date: 11/26/23
[GIVE] > Name: Vincent_Pogi_GODs(19) | Class: Civilian | Weapon: M4 | Damage: 9.90 | Health: 100.00 | Armor: 0.00 | Time: 14:04:39 | Date: 11/26/23
[GIVE] > Name: Vincent_Pogi_GODs(19) | Class: Civilian | Weapon: M4 | Damage: 9.90 | Health: 100.00 | Armor: 0.00 | Time: 14:04:39 | Date: 11/26/23
[GIVE] > Name: Vincent_Pogi_GODs(19) | Class: Civilian | Weapon: M4 | Damage: 9.90 | Health: 100.00 | Armor: 0.00 | Time: 14:04:39 | Date: 11/26/23
[GIVE] > Name: Vincent_Pogi_GODs(19) | Class: Civilian | Weapon: M4 | Damage: 9.90 | Health: 100.00 | Armor: 0.00 | Time: 14:04:39 | Date: 11/26/23
[GIVE] > Name: Vincent_Pogi_GODs(19) | Class: Civilian | Weapon: M4 | Damage: 9.90 | Health: 100.00 | Armor: 0.00 | Time: 14:04:39 | Date: 11/26/23
[GIVE] > Name: Vincent_Pogi_GODs(19) | Class: Civilian | Weapon: M4 | Damage: 9.90 | Health: 100.00 | Armor: 0.00 | Time: 14:04:39 | Date: 11/26/23
[GIVE] > Name: Vincent_Pogi_GODs(19) | Class: Civilian | Weapon: Silenced 9mm | Damage: 13.20 | Health: 100.00 | Armor: 0.00 | Time: 14:04:41 | Date: 11/26/23
[GIVE] > Name: Vincent_Pogi_GODs(19) | Class: Civilian | Weapon: Silenced 9mm | Damage: 13.20 | Health: 100.00 | Armor: 0.00 | Time: 14:04:42 | Date: 11/26/23
[GIVE] > Name: Vincent_Pogi_GODs(19) | Class: Civilian | Weapon: Combat Shotgun | Damage: 4.95 | Health: 100.00 | Armor: 0.00 | Time: 14:04:47 | Date: 11/26/23
[GIVE] > Name: Vincent_Pogi_GODs(19) | Class: Civilian | Weapon: Combat Shotgun | Damage: 29.70 | Health: 100.00 | Armor: 0.00 | Time: 14:04:48 | Date: 11/26/23
[GIVE] > Name: Vincent_Pogi_GODs(19) | Class: Civilian | Weapon: Combat Shotgun | Damage: 4.95 | Health: 100.00 | Armor: 0.00 | Time: 14:04:48 | Date: 11/26/23
[GIVE] > Name: VanteDa(7) | Class: Highly Wanted | Weapon: M4 | Damage: 9.90 | Health: 100.00 | Armor: 100.00 | Time: 20:55:04 | Date: 11/27/23
[GIVE] > Name: PhaddyKing..(17) | Class: Most Wanted | Weapon: Sniper Rifle | Damage: 41.25 | Health: 98.00 | Armor: 100.00 | Time: 20:55:13 | Date: 11/27/23
[GIVE] > Name: Faraon(14) | Class: Army | Weapon: Fist | Damage: 1.32 | Health: 100.00 | Armor: 84.00 | Time: 20:55:16 | Date: 11/27/23
[GIVE] > Name: VanteDa(7) | Class: Highly Wanted | Weapon: Sniper Rifle | Damage: 41.25 | Health: 100.00 | Armor: 84.00 | Time: 20:55:33 | Date: 11/27/23
[GIVE] > Name: VanteDa(7) | Class: Highly Wanted | Weapon: Sniper Rifle | Damage: 41.25 | Health: 100.00 | Armor: 42.00 | Time: 20:55:35 | Date: 11/27/23
[GIVE] > Name: VanteDa(7) | Class: Highly Wanted | Weapon: Sniper Rifle | Damage: 41.25 | Health: 100.00 | Armor: 0.00 | Time: 20:55:38 | Date: 11/27/23
[GIVE] > Name: PhaddyKing..(17) | Class: Most Wanted | Weapon: Sniper Rifle | Damage: 41.25 | Health: 98.00 | Armor: 63.00 | Time: 20:55:44 | Date: 11/27/23
[GIVE] > Name: PhaddyKing..(17) | Class: Most Wanted | Weapon: Sniper Rifle | Damage: 41.25 | Health: 98.00 | Armor: 21.00 | Time: 20:55:46 | Date: 11/27/23
[GIVE] > Name: PhaddyKing..(17) | Class: Most Wanted | Weapon: Sniper Rifle | Damage: 41.25 | Health: 77.00 | Armor: 0.00 | Time: 20:55:49 | Date: 11/27/23
[GIVE] > Name: PhaddyKing..(17) | Class: Most Wanted | Weapon: Sniper Rifle | Damage: 41.25 | Health: 35.00 | Armor: 0.00 | Time: 20:55:50 | Date: 11/27/23
[GIVE] > Name: Gomez(13) | Class: Army | Weapon: Sniper Rifle | Damage: 41.25 | Health: 100.00 | Armor: 100.00 | Time: 20:58:29 | Date: 11/27/23
[GIVE] > Name: PhaddyKing..(17) | Class: Highly Wanted | Weapon: Sniper Rifle | Damage: 41.25 | Health: 100.00 | Armor: 100.00 | Time: 20:59:59 | Date: 11/27/23
[GIVE] > Name: PhaddyKing..(17) | Class: Most Wanted | Weapon: Sniper Rifle | Damage: 41.25 | Health: 100.00 | Armor: 63.00 | Time: 21:00:05 | Date: 11/27/23
[GIVE] > Name: PhaddyKing..(17) | Class: Most Wanted | Weapon: Sniper Rifle | Damage: 41.25 | Health: 100.00 | Armor: 21.00 | Time: 21:00:07 | Date: 11/27/23
[GIVE] > Name: Gomez(13) | Class: Army | Weapon: Desert Eagle | Damage: 46.20 | Health: 100.00 | Armor: 100.00 | Time: 21:01:15 | Date: 11/27/23
[GIVE] > Name: Mm254444(9) | Class: Police Officer | Weapon: Desert Eagle | Damage: 46.20 | Health: 100.00 | Armor: 100.00 | Time: 21:02:16 | Date: 11/27/23
[GIVE] > Name: Mm254444(9) | Class: Police Officer | Weapon: Desert Eagle | Damage: 46.20 | Health: 100.00 | Armor: 100.00 | Time: 21:02:25 | Date: 11/27/23
[GIVE] > Name: Mm254444(9) | Class: Police Officer | Weapon: Sniper Rifle | Damage: 41.25 | Health: 100.00 | Armor: 100.00 | Time: 21:02:33 | Date: 11/27/23
[GIVE] > Name: Herase(8) | Class: Civilian | Weapon: Sniper Rifle | Damage: 41.25 | Health: 100.00 | Armor: 100.00 | Time: 21:06:00 | Date: 11/27/23
[GIVE] > Name: theninjawizzard(15) | Class: SWAT | Weapon: Desert Eagle | Damage: 46.20 | Health: 100.00 | Armor: 100.00 | Time: 21:06:06 | Date: 11/27/23
[GIVE] > Name: Herase(8) | Class: Wanted | Weapon: Sawnoff Shotgun | Damage: 13.20 | Health: 100.00 | Armor: 98.00 | Time: 21:07:12 | Date: 11/27/23
[GIVE] > Name: Herase(8) | Class: Wanted | Weapon: Sawnoff Shotgun | Damage: 6.60 | Health: 100.00 | Armor: 0.00 | Time: 21:07:12 | Date: 11/27/23
[GIVE] > Name: Herase(8) | Class: Dead | Weapon: Sawnoff Shotgun | Damage: 3.30 | Health: 0.00 | Armor: 0.00 | Time: 21:07:12 | Date: 11/27/23
[GIVE] > Name: PhaddyKing..(17) | Class: Civilian | Weapon: Sniper Rifle | Damage: 41.25 | Health: 98.00 | Armor: 100.00 | Time: 21:07:15 | Date: 11/27/23
[GIVE] > Name: Xwhite(0) | Class: Wanted | Weapon: Sniper Rifle | Damage: 41.25 | Health: 100.00 | Armor: 100.00 | Time: 21:07:35 | Date: 11/27/23
[GIVE] > Name: Xwhite(0) | Class: Wanted | Weapon: Sniper Rifle | Damage: 41.25 | Health: 100.00 | Armor: 63.00 | Time: 21:07:36 | Date: 11/27/23
[GIVE] > Name: Xwhite(0) | Class: Wanted | Weapon: Sniper Rifle | Damage: 41.25 | Health: 100.00 | Armor: 21.00 | Time: 21:07:41 | Date: 11/27/23
[GIVE] > Name: Xwhite(0) | Class: Wanted | Weapon: Sniper Rifle | Damage: 41.25 | Health: 77.00 | Armor: 0.00 | Time: 21:07:42 | Date: 11/27/23
[GIVE] > Name: Xwhite(0) | Class: Wanted | Weapon: Sniper Rifle | Damage: 41.25 | Health: 35.00 | Armor: 0.00 | Time: 21:07:43 | Date: 11/27/23
[GIVE] > Name: theninjawizzard(15) | Class: SWAT | Weapon: Sniper Rifle | Damage: 41.25 | Health: 100.00 | Armor: 21.00 | Time: 21:07:57 | Date: 11/27/23
[GIVE] > Name: PhaddyKing..(17) | Class: Civilian | Weapon: Sniper Rifle | Damage: 41.25 | Health: 91.00 | Armor: 21.00 | Time: 21:07:58 | Date: 11/27/23
[GIVE] > Name: PhaddyKing..(17) | Class: Wanted | Weapon: Sniper Rifle | Damage: 41.25 | Health: 91.00 | Armor: 21.00 | Time: 21:08:07 | Date: 11/27/23
[GIVE] > Name: PhaddyKing..(17) | Class: Wanted | Weapon: Sniper Rifle | Damage: 41.25 | Health: 70.00 | Armor: 0.00 | Time: 21:08:08 | Date: 11/27/23
[GIVE] > Name: PhaddyKing..(17) | Class: Wanted | Weapon: Sniper Rifle | Damage: 41.25 | Health: 7.00 | Armor: 0.00 | Time: 21:08:27 | Date: 11/27/23
[GIVE] > Name: [C]laude.(18) | Class: Wanted | Weapon: Sniper Rifle | Damage: 41.25 | Health: 100.00 | Armor: 0.00 | Time: 21:09:01 | Date: 11/27/23
[GIVE] > Name: [C]laude.(18) | Class: Wanted | Weapon: Sniper Rifle | Damage: 41.25 | Health: 63.00 | Armor: 0.00 | Time: 21:09:02 | Date: 11/27/23
[GIVE] > Name: Rabi3(6) | Class: Wanted | Weapon: Sniper Rifle | Damage: 41.25 | Health: 100.00 | Armor: 0.00 | Time: 21:09:08 | Date: 11/27/23
[GIVE] > Name: Rabi3(6) | Class: Wanted | Weapon: Sniper Rifle | Damage: 41.25 | Health: 14.00 | Armor: 0.00 | Time: 21:09:10 | Date: 11/27/23
[GIVE] > Name: Rabi3(6) | Class: Wanted | Weapon: Sniper Rifle | Damage: 41.25 | Health: 100.00 | Armor: 0.00 | Time: 21:10:36 | Date: 11/27/23
[GIVE] > Name: Rabi3(6) | Class: Wanted | Weapon: Sniper Rifle | Damage: 41.25 | Health: 21.00 | Armor: 0.00 | Time: 21:10:39 | Date: 11/27/23
[GIVE] > Name: Xwhite(0) | Class: Wanted | Weapon: Sniper Rifle | Damage: 41.25 | Health: 77.00 | Armor: 35.00 | Time: 21:11:10 | Date: 11/27/23
[GIVE] > Name: [C]laude.(18) | Class: Wanted | Weapon: Sawnoff Shotgun | Damage: 9.90 | Health: 100.00 | Armor: 0.00 | Time: 21:11:15 | Date: 11/27/23
[GIVE] > Name: [C]laude.(18) | Class: Wanted | Weapon: Sawnoff Shotgun | Damage: 3.30 | Health: 98.00 | Armor: 0.00 | Time: 21:11:16 | Date: 11/27/23
[GIVE] > Name: [C]laude.(18) | Class: Wanted | Weapon: Sawnoff Shotgun | Damage: 13.20 | Health: 98.00 | Armor: 0.00 | Time: 21:11:16 | Date: 11/27/23
[GIVE] > Name: [C]laude.(18) | Class: Wanted | Weapon: Sawnoff Shotgun | Damage: 6.60 | Health: 84.00 | Armor: 0.00 | Time: 21:11:17 | Date: 11/27/23
[GIVE] > Name: [C]laude.(18) | Class: Wanted | Weapon: Sawnoff Shotgun | Damage: 19.80 | Health: 84.00 | Armor: 0.00 | Time: 21:11:18 | Date: 11/27/23
[GIVE] > Name: [C]laude.(18) | Class: Wanted | Weapon: Sawnoff Shotgun | Damage: 3.30 | Health: 63.00 | Armor: 0.00 | Time: 21:11:18 | Date: 11/27/23
[GIVE] > Name: Xwhite(0) | Class: Wanted | Weapon: Tec-9 | Damage: 6.60 | Health: 100.00 | Armor: 0.00 | Time: 21:12:00 | Date: 11/27/23
[GIVE] > Name: Xwhite(0) | Class: Wanted | Weapon: Tec-9 | Damage: 6.60 | Health: 100.00 | Armor: 0.00 | Time: 21:12:00 | Date: 11/27/23
[GIVE] > Name: Xwhite(0) | Class: Wanted | Weapon: Tec-9 | Damage: 6.60 | Health: 98.00 | Armor: 0.00 | Time: 21:12:00 | Date: 11/27/23
[GIVE] > Name: Xwhite(0) | Class: Wanted | Weapon: Tec-9 | Damage: 6.60 | Health: 84.00 | Armor: 0.00 | Time: 21:12:29 | Date: 11/27/23
[GIVE] > Name: Xwhite(0) | Class: Wanted | Weapon: Tec-9 | Damage: 6.60 | Health: 84.00 | Armor: 0.00 | Time: 21:12:29 | Date: 11/27/23
[GIVE] > Name: Xwhite(0) | Class: Wanted | Weapon: Tec-9 | Damage: 6.60 | Health: 70.00 | Armor: 0.00 | Time: 21:12:29 | Date: 11/27/23
[GIVE] > Name: Xwhite(0) | Class: Wanted | Weapon: Tec-9 | Damage: 6.60 | Health: 70.00 | Armor: 0.00 | Time: 21:12:29 | Date: 11/27/23
[GIVE] > Name: Xwhite(0) | Class: Wanted | Weapon: Tec-9 | Damage: 6.60 | Health: 70.00 | Armor: 0.00 | Time: 21:12:29 | Date: 11/27/23
[GIVE] > Name: Xwhite(0) | Class: Wanted | Weapon: Tec-9 | Damage: 6.60 | Health: 56.00 | Armor: 0.00 | Time: 21:12:29 | Date: 11/27/23
[GIVE] > Name: Xwhite(0) | Class: Wanted | Weapon: Tec-9 | Damage: 6.60 | Health: 49.00 | Armor: 0.00 | Time: 21:12:29 | Date: 11/27/23
[GIVE] > Name: Xwhite(0) | Class: Wanted | Weapon: Tec-9 | Damage: 6.60 | Health: 49.00 | Armor: 0.00 | Time: 21:12:29 | Date: 11/27/23
[GIVE] > Name: Xwhite(0) | Class: Wanted | Weapon: Tec-9 | Damage: 6.60 | Health: 42.00 | Armor: 0.00 | Time: 21:12:29 | Date: 11/27/23
[GIVE] > Name: Xwhite(0) | Class: Wanted | Weapon: Tec-9 | Damage: 6.60 | Health: 21.00 | Armor: 0.00 | Time: 21:12:29 | Date: 11/27/23
[GIVE] > Name: Xwhite(0) | Class: Wanted | Weapon: Tec-9 | Damage: 6.60 | Health: 21.00 | Armor: 0.00 | Time: 21:12:29 | Date: 11/27/23
[GIVE] > Name: Xwhite(0) | Class: Wanted | Weapon: Tec-9 | Damage: 6.60 | Health: 14.00 | Armor: 0.00 | Time: 21:12:30 | Date: 11/27/23
[GIVE] > Name: Xwhite(0) | Class: Wanted | Weapon: Tec-9 | Damage: 6.60 | Health: 14.00 | Armor: 0.00 | Time: 21:12:30 | Date: 11/27/23
[GIVE] > Name: Xwhite(0) | Class: Wanted | Weapon: Tec-9 | Damage: 6.60 | Health: 14.00 | Armor: 0.00 | Time: 21:12:30 | Date: 11/27/23
[GIVE] > Name: Xwhite(0) | Class: Dead | Weapon: Tec-9 | Damage: 6.60 | Health: 7.00 | Armor: 0.00 | Time: 21:12:30 | Date: 11/27/23
[GIVE] > Name: Dexxy(18) | Class: Police Officer | Weapon: Desert Eagle | Damage: 46.20 | Health: 84.00 | Armor: 100.00 | Time: 23:53:54 | Date: 11/27/23
[GIVE] > Name: KaKaRoTo.(8) | Class: Police Officer | Weapon: Desert Eagle | Damage: 46.20 | Health: 100.00 | Armor: 100.00 | Time: 23:53:55 | Date: 11/27/23
[GIVE] > Name: Shahan(12) | Class: SWAT | Weapon: Desert Eagle | Damage: 46.20 | Health: 100.00 | Armor: 100.00 | Time: 23:53:55 | Date: 11/27/23
[GIVE] > Name: AK33L(16) | Class: Army | Weapon: Desert Eagle | Damage: 46.20 | Health: 91.00 | Armor: 100.00 | Time: 23:53:56 | Date: 11/27/23
[GIVE] > Name: Xwhite(0) | Class: Highly Wanted | Weapon: Sniper Rifle | Damage: 41.25 | Health: 100.00 | Armor: 100.00 | Time: 00:35:50 | Date: 11/28/23
[GIVE] > Name: Xwhite(0) | Class: Highly Wanted | Weapon: Sniper Rifle | Damage: 41.25 | Health: 100.00 | Armor: 63.00 | Time: 00:35:51 | Date: 11/28/23
[GIVE] > Name: Xwhite(0) | Class: Highly Wanted | Weapon: Sniper Rifle | Damage: 41.25 | Health: 100.00 | Armor: 21.00 | Time: 00:35:53 | Date: 11/28/23
[GIVE] > Name: Xwhite(0) | Class: Highly Wanted | Weapon: Sniper Rifle | Damage: 41.25 | Health: 77.00 | Armor: 0.00 | Time: 00:35:54 | Date: 11/28/23
[GIVE] > Name: Faraon(14) | Class: Wanted | Weapon: Sniper Rifle | Damage: 41.25 | Health: 100.00 | Armor: 0.00 | Time: 00:36:11 | Date: 11/28/23
[GIVE] > Name: Faraon(14) | Class: Wanted | Weapon: Sniper Rifle | Damage: 41.25 | Health: 63.00 | Armor: 0.00 | Time: 00:36:12 | Date: 11/28/23
[GIVE] > Name: Xwhite(0) | Class: Highly Wanted | Weapon: Sawnoff Shotgun | Damage: 3.30 | Health: 100.00 | Armor: 0.00 | Time: 00:36:19 | Date: 11/28/23
[GIVE] > Name: Xwhite(0) | Class: Highly Wanted | Weapon: Sawnoff Shotgun | Damage: 26.40 | Health: 98.00 | Armor: 0.00 | Time: 00:36:19 | Date: 11/28/23
[GIVE] > Name: Xwhite(0) | Class: Highly Wanted | Weapon: Sawnoff Shotgun | Damage: 3.30 | Health: 84.00 | Armor: 0.00 | Time: 00:36:20 | Date: 11/28/23
[GIVE] > Name: Xwhite(0) | Class: Highly Wanted | Weapon: Sawnoff Shotgun | Damage: 3.30 | Health: 84.00 | Armor: 0.00 | Time: 00:36:20 | Date: 11/28/23
[GIVE] > Name: Xwhite(0) | Class: Highly Wanted | Weapon: Sawnoff Shotgun | Damage: 23.10 | Health: 84.00 | Armor: 0.00 | Time: 00:36:22 | Date: 11/28/23
[GIVE] > Name: Xwhite(0) | Class: Highly Wanted | Weapon: Sawnoff Shotgun | Damage: 23.10 | Health: 70.00 | Armor: 0.00 | Time: 00:36:22 | Date: 11/28/23
[GIVE] > Name: Xwhite(0) | Class: Highly Wanted | Weapon: Sawnoff Shotgun | Damage: 19.80 | Health: 56.00 | Armor: 0.00 | Time: 00:36:23 | Date: 11/28/23
[GIVE] > Name: Xwhite(0) | Class: Highly Wanted | Weapon: Sawnoff Shotgun | Damage: 19.80 | Health: 42.00 | Armor: 0.00 | Time: 00:36:23 | Date: 11/28/23
[GIVE] > Name: Xwhite(0) | Class: Highly Wanted | Weapon: Sawnoff Shotgun | Damage: 6.60 | Health: 28.00 | Armor: 0.00 | Time: 00:36:25 | Date: 11/28/23
[GIVE] > Name: AK33L(16) | Class: Highly Wanted | Weapon: Sniper Rifle | Damage: 41.25 | Health: 100.00 | Armor: 91.00 | Time: 00:37:37 | Date: 11/28/23
[GIVE] > Name: molep(17) | Class: Wanted | Weapon: Micro SMG/Uzi | Damage: 6.60 | Health: 100.00 | Armor: 100.00 | Time: 00:38:06 | Date: 11/28/23
[GIVE] > Name: molep(17) | Class: Wanted | Weapon: Micro SMG/Uzi | Damage: 6.60 | Health: 100.00 | Armor: 100.00 | Time: 00:38:06 | Date: 11/28/23
[GIVE] > Name: molep(17) | Class: Wanted | Weapon: Micro SMG/Uzi | Damage: 6.60 | Health: 100.00 | Armor: 98.00 | Time: 00:38:06 | Date: 11/28/23
[GIVE] > Name: molep(17) | Class: Wanted | Weapon: Micro SMG/Uzi | Damage: 6.60 | Health: 100.00 | Armor: 91.00 | Time: 00:38:07 | Date: 11/28/23
[GIVE] > Name: molep(17) | Class: Wanted | Weapon: Micro SMG/Uzi | Damage: 6.60 | Health: 100.00 | Armor: 84.00 | Time: 00:38:07 | Date: 11/28/23
[GIVE] > Name: molep(17) | Class: Wanted | Weapon: Micro SMG/Uzi | Damage: 6.60 | Health: 100.00 | Armor: 77.00 | Time: 00:38:07 | Date: 11/28/23
[GIVE] > Name: molep(17) | Class: Wanted | Weapon: Micro SMG/Uzi | Damage: 6.60 | Health: 100.00 | Armor: 70.00 | Time: 00:38:07 | Date: 11/28/23
[GIVE] > Name: molep(17) | Class: Wanted | Weapon: Micro SMG/Uzi | Damage: 6.60 | Health: 100.00 | Armor: 63.00 | Time: 00:38:07 | Date: 11/28/23
[GIVE] > Name: molep(17) | Class: Wanted | Weapon: Micro SMG/Uzi | Damage: 6.60 | Health: 100.00 | Armor: 56.00 | Time: 00:38:07 | Date: 11/28/23
[GIVE] > Name: molep(17) | Class: Wanted | Weapon: Micro SMG/Uzi | Damage: 6.60 | Health: 100.00 | Armor: 49.00 | Time: 00:38:07 | Date: 11/28/23
[GIVE] > Name: molep(17) | Class: Wanted | Weapon: Micro SMG/Uzi | Damage: 6.60 | Health: 100.00 | Armor: 42.00 | Time: 00:38:07 | Date: 11/28/23
[GIVE] > Name: molep(17) | Class: Wanted | Weapon: Micro SMG/Uzi | Damage: 6.60 | Health: 100.00 | Armor: 35.00 | Time: 00:38:07 | Date: 11/28/23
[GIVE] > Name: molep(17) | Class: Wanted | Weapon: Micro SMG/Uzi | Damage: 6.60 | Health: 100.00 | Armor: 28.00 | Time: 00:38:07 | Date: 11/28/23
[GIVE] > Name: molep(17) | Class: Wanted | Weapon: Micro SMG/Uzi | Damage: 6.60 | Health: 100.00 | Armor: 21.00 | Time: 00:38:07 | Date: 11/28/23
[GIVE] > Name: molep(17) | Class: Wanted | Weapon: Micro SMG/Uzi | Damage: 6.60 | Health: 100.00 | Armor: 14.00 | Time: 00:38:07 | Date: 11/28/23
[GIVE] > Name: molep(17) | Class: Wanted | Weapon: Micro SMG/Uzi | Damage: 6.60 | Health: 100.00 | Armor: 7.00 | Time: 00:38:07 | Date: 11/28/23
[GIVE] > Name: molep(17) | Class: Wanted | Weapon: Micro SMG/Uzi | Damage: 6.60 | Health: 100.00 | Armor: 7.00 | Time: 00:38:07 | Date: 11/28/23
[GIVE] > Name: molep(17) | Class: Wanted | Weapon: Micro SMG/Uzi | Damage: 6.60 | Health: 98.00 | Armor: 0.00 | Time: 00:38:08 | Date: 11/28/23
[GIVE] > Name: molep(17) | Class: Wanted | Weapon: Micro SMG/Uzi | Damage: 6.60 | Health: 91.00 | Armor: 0.00 | Time: 00:38:08 | Date: 11/28/23
[GIVE] > Name: molep(17) | Class: Wanted | Weapon: Micro SMG/Uzi | Damage: 6.60 | Health: 84.00 | Armor: 0.00 | Time: 00:38:08 | Date: 11/28/23
[GIVE] > Name: molep(17) | Class: Wanted | Weapon: Micro SMG/Uzi | Damage: 6.60 | Health: 70.00 | Armor: 0.00 | Time: 00:38:08 | Date: 11/28/23
[GIVE] > Name: molep(17) | Class: Wanted | Weapon: Micro SMG/Uzi | Damage: 6.60 | Health: 70.00 | Armor: 0.00 | Time: 00:38:08 | Date: 11/28/23
[GIVE] > Name: molep(17) | Class: Wanted | Weapon: Micro SMG/Uzi | Damage: 6.60 | Health: 56.00 | Armor: 0.00 | Time: 00:38:08 | Date: 11/28/23
[GIVE] > Name: molep(17) | Class: Wanted | Weapon: Micro SMG/Uzi | Damage: 6.60 | Health: 49.00 | Armor: 0.00 | Time: 00:38:08 | Date: 11/28/23
[GIVE] > Name: molep(17) | Class: Wanted | Weapon: Micro SMG/Uzi | Damage: 6.60 | Health: 42.00 | Armor: 0.00 | Time: 00:38:08 | Date: 11/28/23
[GIVE] > Name: molep(17) | Class: Wanted | Weapon: Micro SMG/Uzi | Damage: 6.60 | Health: 42.00 | Armor: 0.00 | Time: 00:38:08 | Date: 11/28/23
[GIVE] > Name: molep(17) | Class: Wanted | Weapon: Micro SMG/Uzi | Damage: 6.60 | Health: 35.00 | Armor: 0.00 | Time: 00:38:08 | Date: 11/28/23
[GIVE] > Name: molep(17) | Class: Wanted | Weapon: Micro SMG/Uzi | Damage: 6.60 | Health: 28.00 | Armor: 0.00 | Time: 00:38:08 | Date: 11/28/23
[GIVE] > Name: molep(17) | Class: Wanted | Weapon: Micro SMG/Uzi | Damage: 6.60 | Health: 21.00 | Armor: 0.00 | Time: 00:38:09 | Date: 11/28/23
[GIVE] > Name: molep(17) | Class: Wanted | Weapon: Micro SMG/Uzi | Damage: 6.60 | Health: 21.00 | Armor: 0.00 | Time: 00:38:09 | Date: 11/28/23
[GIVE] > Name: molep(17) | Class: Wanted | Weapon: Micro SMG/Uzi | Damage: 6.60 | Health: 14.00 | Armor: 0.00 | Time: 00:38:09 | Date: 11/28/23
[GIVE] > Name: molep(17) | Class: Wanted | Weapon: Micro SMG/Uzi | Damage: 6.60 | Health: 0.00 | Armor: 0.00 | Time: 00:38:09 | Date: 11/28/23
[GIVE] > Name: molep(17) | Class: Dead | Weapon: Micro SMG/Uzi | Damage: 6.60 | Health: 0.00 | Armor: 0.00 | Time: 00:38:09 | Date: 11/28/23
[GIVE] > Name: molep(17) | Class: Dead | Weapon: Micro SMG/Uzi | Damage: 6.60 | Health: 0.00 | Armor: 0.00 | Time: 00:38:09 | Date: 11/28/23
[GIVE] > Name: molep(17) | Class: Dead | Weapon: Micro SMG/Uzi | Damage: 6.60 | Health: 0.00 | Armor: 0.00 | Time: 00:38:09 | Date: 11/28/23
[GIVE] > Name: [VIP]Masek(8) | Class: Civilian | Weapon: Sniper Rifle | Damage: 41.25 | Health: 100.00 | Armor: 0.00 | Time: 00:38:30 | Date: 11/28/23
[GIVE] > Name: Xwhite(0) | Class: Highly Wanted | Weapon: Sniper Rifle | Damage: 41.25 | Health: 100.00 | Armor: 100.00 | Time: 00:38:31 | Date: 11/28/23
[GIVE] > Name: AK33L(16) | Class: Highly Wanted | Weapon: Sniper Rifle | Damage: 41.25 | Health: 100.00 | Armor: 56.00 | Time: 00:38:34 | Date: 11/28/23
[GIVE] > Name: AK33L(16) | Class: Highly Wanted | Weapon: Sniper Rifle | Damage: 41.25 | Health: 100.00 | Armor: 14.00 | Time: 00:38:35 | Date: 11/28/23
[GIVE] > Name: Xwhite(0) | Class: Highly Wanted | Weapon: Sniper Rifle | Damage: 41.25 | Health: 100.00 | Armor: 100.00 | Time: 00:41:27 | Date: 11/28/23
[GIVE] > Name: Xwhite(0) | Class: Highly Wanted | Weapon: Sniper Rifle | Damage: 41.25 | Health: 100.00 | Armor: 63.00 | Time: 00:41:28 | Date: 11/28/23
[GIVE] > Name: Xwhite(0) | Class: Highly Wanted | Weapon: Sniper Rifle | Damage: 41.25 | Health: 100.00 | Armor: 21.00 | Time: 00:41:29 | Date: 11/28/23
[GIVE] > Name: Xwhite(0) | Class: Highly Wanted | Weapon: Sniper Rifle | Damage: 41.25 | Health: 77.00 | Armor: 0.00 | Time: 00:41:30 | Date: 11/28/23
[GIVE] > Name: Xwhite(0) | Class: Highly Wanted | Weapon: Sawnoff Shotgun | Damage: 26.40 | Health: 56.00 | Armor: 0.00 | Time: 00:41:35 | Date: 11/28/23
[GIVE] > Name: Xwhite(0) | Class: Highly Wanted | Weapon: Sawnoff Shotgun | Damage: 3.30 | Health: 42.00 | Armor: 0.00 | Time: 00:41:35 | Date: 11/28/23
[GIVE] > Name: Xwhite(0) | Class: Highly Wanted | Weapon: Sawnoff Shotgun | Damage: 9.90 | Health: 42.00 | Armor: 0.00 | Time: 00:41:36 | Date: 11/28/23
[GIVE] > Name: Xwhite(0) | Class: Highly Wanted | Weapon: Sawnoff Shotgun | Damage: 6.60 | Health: 42.00 | Armor: 0.00 | Time: 00:41:37 | Date: 11/28/23
[GIVE] > Name: Xwhite(0) | Class: Highly Wanted | Weapon: Sawnoff Shotgun | Damage: 3.30 | Health: 56.00 | Armor: 0.00 | Time: 00:41:41 | Date: 11/28/23
[GIVE] > Name: Xwhite(0) | Class: Highly Wanted | Weapon: Sawnoff Shotgun | Damage: 6.60 | Health: 63.00 | Armor: 0.00 | Time: 00:41:42 | Date: 11/28/23
[GIVE] > Name: Xwhite(0) | Class: Highly Wanted | Weapon: Sawnoff Shotgun | Damage: 3.30 | Health: 70.00 | Armor: 0.00 | Time: 00:41:45 | Date: 11/28/23
[GIVE] > Name: Xwhite(0) | Class: Highly Wanted | Weapon: Sawnoff Shotgun | Damage: 29.70 | Health: 77.00 | Armor: 0.00 | Time: 00:41:46 | Date: 11/28/23
[GIVE] > Name: Xwhite(0) | Class: Highly Wanted | Weapon: Sawnoff Shotgun | Damage: 13.20 | Health: 63.00 | Armor: 0.00 | Time: 00:41:47 | Date: 11/28/23
[GIVE] > Name: Xwhite(0) | Class: Highly Wanted | Weapon: Sawnoff Shotgun | Damage: 3.30 | Health: 63.00 | Armor: 0.00 | Time: 00:41:48 | Date: 11/28/23
[GIVE] > Name: Xwhite(0) | Class: Highly Wanted | Weapon: Sawnoff Shotgun | Damage: 19.80 | Health: 56.00 | Armor: 0.00 | Time: 00:41:48 | Date: 11/28/23
[GIVE] > Name: Faraon(14) | Class: Civilian | Weapon: Sawnoff Shotgun | Damage: 3.30 | Health: 100.00 | Armor: 0.00 | Time: 00:41:49 | Date: 11/28/23
[GIVE] > Name: Faraon(14) | Class: Civilian | Weapon: Sawnoff Shotgun | Damage: 19.80 | Health: 100.00 | Armor: 0.00 | Time: 00:41:49 | Date: 11/28/23
[GIVE] > Name: Xwhite(0) | Class: Highly Wanted | Weapon: Sawnoff Shotgun | Damage: 6.60 | Health: 49.00 | Armor: 0.00 | Time: 00:41:49 | Date: 11/28/23
[GIVE] > Name: AK33L(16) | Class: Highly Wanted | Weapon: Sniper Rifle | Damage: 41.25 | Health: 70.00 | Armor: 100.00 | Time: 00:43:19 | Date: 11/28/23
[GIVE] > Name: AK33L(16) | Class: Highly Wanted | Weapon: Sniper Rifle | Damage: 41.25 | Health: 70.00 | Armor: 63.00 | Time: 00:43:27 | Date: 11/28/23
[GIVE] > Name: AK33L(16) | Class: Highly Wanted | Weapon: Sniper Rifle | Damage: 41.25 | Health: 70.00 | Armor: 21.00 | Time: 00:43:28 | Date: 11/28/23
[GIVE] > Name: AK33L(16) | Class: Highly Wanted | Weapon: Sniper Rifle | Damage: 41.25 | Health: 42.00 | Armor: 0.00 | Time: 00:43:29 | Date: 11/28/23
[GIVE] > Name: molep(17) | Class: Wanted | Weapon: Sniper Rifle | Damage: 41.25 | Health: 42.00 | Armor: 0.00 | Time: 00:43:30 | Date: 11/28/23
[GIVE] > Name: Xwhite(0) | Class: Highly Wanted | Weapon: Sniper Rifle | Damage: 41.25 | Health: 100.00 | Armor: 100.00 | Time: 00:43:31 | Date: 11/28/23
[GIVE] > Name: Xwhite(0) | Class: Highly Wanted | Weapon: Sniper Rifle | Damage: 41.25 | Health: 100.00 | Armor: 63.00 | Time: 00:43:32 | Date: 11/28/23
[GIVE] > Name: [VIP]Masek(8) | Class: Civilian | Weapon: Sniper Rifle | Damage: 41.25 | Health: 100.00 | Armor: 0.00 | Time: 00:44:20 | Date: 11/28/23
[GIVE] > Name: Xwhite(0) | Class: Highly Wanted | Weapon: Sniper Rifle | Damage: 41.25 | Health: 100.00 | Armor: 100.00 | Time: 00:44:21 | Date: 11/28/23
[GIVE] > Name: [VIP]Masek(8) | Class: Civilian | Weapon: Sniper Rifle | Damage: 41.25 | Health: 100.00 | Armor: 0.00 | Time: 00:44:22 | Date: 11/28/23
[GIVE] > Name: Xwhite(0) | Class: Highly Wanted | Weapon: Sniper Rifle | Damage: 41.25 | Health: 100.00 | Armor: 63.00 | Time: 00:44:23 | Date: 11/28/23
[GIVE] > Name: [VIP]Masek(8) | Class: Civilian | Weapon: Sniper Rifle | Damage: 41.25 | Health: 100.00 | Armor: 0.00 | Time: 00:44:25 | Date: 11/28/23
[GIVE] > Name: AK33L(16) | Class: Wanted | Weapon: Sniper Rifle | Damage: 41.25 | Health: 100.00 | Armor: 100.00 | Time: 00:44:34 | Date: 11/28/23
[GIVE] > Name: AK33L(16) | Class: Wanted | Weapon: Sniper Rifle | Damage: 41.25 | Health: 100.00 | Armor: 63.00 | Time: 00:45:59 | Date: 11/28/23
[GIVE] > Name: wazir(10) | Class: Most Wanted | Weapon: Sniper Rifle | Damage: 41.25 | Health: 100.00 | Armor: 100.00 | Time: 00:46:53 | Date: 11/28/23
[GIVE] > Name: Xwhite(0) | Class: Highly Wanted | Weapon: Sniper Rifle | Damage: 41.25 | Health: 100.00 | Armor: 98.00 | Time: 00:47:06 | Date: 11/28/23
[GIVE] > Name: Xwhite(0) | Class: Highly Wanted | Weapon: Sniper Rifle | Damage: 41.25 | Health: 100.00 | Armor: 56.00 | Time: 00:47:08 | Date: 11/28/23
[GIVE] > Name: Xwhite(0) | Class: Highly Wanted | Weapon: Sniper Rifle | Damage: 41.25 | Health: 100.00 | Armor: 14.00 | Time: 00:47:11 | Date: 11/28/23
[GIVE] > Name: Xwhite(0) | Class: Highly Wanted | Weapon: Sniper Rifle | Damage: 41.25 | Health: 70.00 | Armor: 0.00 | Time: 00:47:12 | Date: 11/28/23
[GIVE] > Name: molep(17) | Class: Wanted | Weapon: Sniper Rifle | Damage: 41.25 | Health: 100.00 | Armor: 100.00 | Time: 00:47:14 | Date: 11/28/23
[GIVE] > Name: Xwhite(0) | Class: Highly Wanted | Weapon: Sniper Rifle | Damage: 41.25 | Health: 77.00 | Armor: 0.00 | Time: 00:47:26 | Date: 11/28/23
[GIVE] > Name: Xwhite(0) | Class: Highly Wanted | Weapon: Desert Eagle | Damage: 46.20 | Health: 56.00 | Armor: 0.00 | Time: 00:47:30 | Date: 11/28/23
[GIVE] > Name: Xwhite(0) | Class: Highly Wanted | Weapon: Desert Eagle | Damage: 46.20 | Health: 21.00 | Armor: 0.00 | Time: 00:47:32 | Date: 11/28/23
[GIVE] > Name: AK33L(16) | Class: Wanted | Weapon: Sniper Rifle | Damage: 41.25 | Health: 100.00 | Armor: 100.00 | Time: 00:47:42 | Date: 11/28/23
[GIVE] > Name: AK33L(16) | Class: Wanted | Weapon: Sniper Rifle | Damage: 41.25 | Health: 100.00 | Armor: 63.00 | Time: 00:47:43 | Date: 11/28/23
[GIVE] > Name: AK33L(16) | Class: Wanted | Weapon: Sniper Rifle | Damage: 41.25 | Health: 100.00 | Armor: 21.00 | Time: 00:47:45 | Date: 11/28/23
[GIVE] > Name: AK33L(16) | Class: Wanted | Weapon: Sniper Rifle | Damage: 41.25 | Health: 77.00 | Armor: 0.00 | Time: 00:47:48 | Date: 11/28/23
[GIVE] > Name: AK33L(16) | Class: Wanted | Weapon: Sniper Rifle | Damage: 41.25 | Health: 35.00 | Armor: 0.00 | Time: 00:47:49 | Date: 11/28/23
[GIVE] > Name: wazir(10) | Class: Most Wanted | Weapon: Sniper Rifle | Damage: 41.25 | Health: 100.00 | Armor: 63.00 | Time: 00:47:52 | Date: 11/28/23
[GIVE] > Name: wazir(10) | Class: Most Wanted | Weapon: Sniper Rifle | Damage: 41.25 | Health: 100.00 | Armor: 21.00 | Time: 00:49:07 | Date: 11/28/23
[GIVE] > Name: wazir(10) | Class: Most Wanted | Weapon: Sniper Rifle | Damage: 41.25 | Health: 77.00 | Armor: 0.00 | Time: 00:49:13 | Date: 11/28/23
[GIVE] > Name: wazir(10) | Class: Most Wanted | Weapon: Sniper Rifle | Damage: 41.25 | Health: 35.00 | Armor: 0.00 | Time: 00:49:14 | Date: 11/28/23
[GIVE] > Name: AK33L(16) | Class: Wanted | Weapon: Sniper Rifle | Damage: 41.25 | Health: 100.00 | Armor: 100.00 | Time: 00:49:15 | Date: 11/28/23
[GIVE] > Name: AK33L(16) | Class: Wanted | Weapon: Sniper Rifle | Damage: 41.25 | Health: 100.00 | Armor: 63.00 | Time: 00:49:17 | Date: 11/28/23
[GIVE] > Name: AK33L(16) | Class: Wanted | Weapon: Sniper Rifle | Damage: 41.25 | Health: 100.00 | Armor: 21.00 | Time: 00:49:18 | Date: 11/28/23
[GIVE] > Name: AK33L(16) | Class: Wanted | Weapon: Sniper Rifle | Damage: 41.25 | Health: 77.00 | Armor: 0.00 | Time: 00:49:19 | Date: 11/28/23
[GIVE] > Name: AK33L(16) | Class: Wanted | Weapon: Sniper Rifle | Damage: 41.25 | Health: 35.00 | Armor: 0.00 | Time: 00:49:21 | Date: 11/28/23
[GIVE] > Name: molep(17) | Class: Wanted | Weapon: Sniper Rifle | Damage: 41.25 | Health: 91.00 | Armor: 63.00 | Time: 00:49:23 | Date: 11/28/23
[GIVE] > Name: molep(17) | Class: Most Wanted | Weapon: Tec-9 | Damage: 6.60 | Health: 91.00 | Armor: 21.00 | Time: 00:49:26 | Date: 11/28/23
[GIVE] > Name: molep(17) | Class: Most Wanted | Weapon: Tec-9 | Damage: 6.60 | Health: 91.00 | Armor: 21.00 | Time: 00:49:26 | Date: 11/28/23
[GIVE] > Name: molep(17) | Class: Most Wanted | Weapon: Tec-9 | Damage: 6.60 | Health: 91.00 | Armor: 7.00 | Time: 00:49:27 | Date: 11/28/23
[GIVE] > Name: molep(17) | Class: Most Wanted | Weapon: Tec-9 | Damage: 6.60 | Health: 91.00 | Armor: 7.00 | Time: 00:49:27 | Date: 11/28/23
[GIVE] > Name: molep(17) | Class: Most Wanted | Weapon: Tec-9 | Damage: 6.60 | Health: 84.00 | Armor: 0.00 | Time: 00:49:27 | Date: 11/28/23
[GIVE] > Name: molep(17) | Class: Most Wanted | Weapon: Tec-9 | Damage: 6.60 | Health: 77.00 | Armor: 0.00 | Time: 00:49:27 | Date: 11/28/23
[GIVE] > Name: molep(17) | Class: Most Wanted | Weapon: Tec-9 | Damage: 6.60 | Health: 77.00 | Armor: 0.00 | Time: 00:49:27 | Date: 11/28/23
[GIVE] > Name: molep(17) | Class: Most Wanted | Weapon: Tec-9 | Damage: 6.60 | Health: 70.00 | Armor: 0.00 | Time: 00:49:27 | Date: 11/28/23
[GIVE] > Name: molep(17) | Class: Most Wanted | Weapon: Tec-9 | Damage: 6.60 | Health: 63.00 | Armor: 0.00 | Time: 00:49:27 | Date: 11/28/23
[GIVE] > Name: molep(17) | Class: Most Wanted | Weapon: Tec-9 | Damage: 6.60 | Health: 56.00 | Armor: 0.00 | Time: 00:49:27 | Date: 11/28/23
[GIVE] > Name: molep(17) | Class: Most Wanted | Weapon: Tec-9 | Damage: 6.60 | Health: 56.00 | Armor: 0.00 | Time: 00:49:27 | Date: 11/28/23
[GIVE] > Name: molep(17) | Class: Most Wanted | Weapon: Tec-9 | Damage: 6.60 | Health: 35.00 | Armor: 0.00 | Time: 00:49:28 | Date: 11/28/23
[GIVE] > Name: molep(17) | Class: Most Wanted | Weapon: Tec-9 | Damage: 6.60 | Health: 28.00 | Armor: 0.00 | Time: 00:49:28 | Date: 11/28/23
[GIVE] > Name: molep(17) | Class: Most Wanted | Weapon: Tec-9 | Damage: 6.60 | Health: 28.00 | Armor: 0.00 | Time: 00:49:28 | Date: 11/28/23
[GIVE] > Name: molep(17) | Class: Most Wanted | Weapon: Tec-9 | Damage: 6.60 | Health: 28.00 | Armor: 0.00 | Time: 00:49:28 | Date: 11/28/23
[GIVE] > Name: molep(17) | Class: Most Wanted | Weapon: M4 | Damage: 9.90 | Health: 7.00 | Armor: 0.00 | Time: 00:49:30 | Date: 11/28/23
[GIVE] > Name: Faraon(14) | Class: Wanted | Weapon: Sniper Rifle | Damage: 41.25 | Health: 49.00 | Armor: 100.00 | Time: 00:49:33 | Date: 11/28/23
[GIVE] > Name: Faraon(14) | Class: Wanted | Weapon: Desert Eagle | Damage: 46.20 | Health: 42.00 | Armor: 63.00 | Time: 00:49:41 | Date: 11/28/23
[GIVE] > Name: Faraon(14) | Class: Wanted | Weapon: Desert Eagle | Damage: 46.20 | Health: 42.00 | Armor: 14.00 | Time: 00:49:42 | Date: 11/28/23
[GIVE] > Name: Faraon(14) | Class: Wanted | Weapon: Desert Eagle | Damage: 46.20 | Health: 7.00 | Armor: 0.00 | Time: 00:49:47 | Date: 11/28/23
[GIVE] > Name: Xwhite(0) | Class: Wanted | Weapon: Sniper Rifle | Damage: 41.25 | Health: 100.00 | Armor: 100.00 | Time: 00:50:03 | Date: 11/28/23
[GIVE] > Name: Xwhite(0) | Class: Wanted | Weapon: Sniper Rifle | Damage: 41.25 | Health: 100.00 | Armor: 63.00 | Time: 00:50:04 | Date: 11/28/23
[GIVE] > Name: AK33L(16) | Class: Wanted | Weapon: Sniper Rifle | Damage: 41.25 | Health: 100.00 | Armor: 100.00 | Time: 00:50:53 | Date: 11/28/23
[GIVE] > Name: Xwhite(0) | Class: Wanted | Weapon: Sniper Rifle | Damage: 41.25 | Health: 100.00 | Armor: 21.00 | Time: 00:50:58 | Date: 11/28/23
[GIVE] > Name: Xwhite(0) | Class: Wanted | Weapon: Sniper Rifle | Damage: 41.25 | Health: 77.00 | Armor: 0.00 | Time: 00:50:59 | Date: 11/28/23
[GIVE] > Name: AK33L(16) | Class: Wanted | Weapon: Sniper Rifle | Damage: 41.25 | Health: 100.00 | Armor: 63.00 | Time: 00:51:02 | Date: 11/28/23
[GIVE] > Name: AK33L(16) | Class: Wanted | Weapon: Sniper Rifle | Damage: 41.25 | Health: 100.00 | Armor: 21.00 | Time: 00:51:03 | Date: 11/28/23
[GIVE] > Name: AK33L(16) | Class: Wanted | Weapon: Sniper Rifle | Damage: 41.25 | Health: 77.00 | Armor: 0.00 | Time: 00:51:04 | Date: 11/28/23
[GIVE] > Name: wazir(10) | Class: Wanted | Weapon: Sawnoff Shotgun | Damage: 36.30 | Health: 100.00 | Armor: 100.00 | Time: 00:51:10 | Date: 11/28/23
[GIVE] > Name: wazir(10) | Class: Wanted | Weapon: Desert Eagle | Damage: 46.20 | Health: 100.00 | Armor: 77.00 | Time: 00:51:36 | Date: 11/28/23
[GIVE] > Name: molep(17) | Class: Most Wanted | Weapon: Sniper Rifle | Damage: 41.25 | Health: 56.00 | Armor: 100.00 | Time: 00:53:32 | Date: 11/28/23
[GIVE] > Name: molep(17) | Class: Most Wanted | Weapon: Sniper Rifle | Damage: 41.25 | Health: 56.00 | Armor: 63.00 | Time: 00:53:33 | Date: 11/28/23
[GIVE] > Name: molep(17) | Class: Most Wanted | Weapon: Sniper Rifle | Damage: 41.25 | Health: 56.00 | Armor: 21.00 | Time: 00:53:34 | Date: 11/28/23
[GIVE] > Name: molep(17) | Class: Most Wanted | Weapon: Sniper Rifle | Damage: 41.25 | Health: 28.00 | Armor: 0.00 | Time: 00:53:40 | Date: 11/28/23
[GIVE] > Name: Xwhite(0) | Class: Wanted | Weapon: Sniper Rifle | Damage: 41.25 | Health: 100.00 | Armor: 100.00 | Time: 00:53:53 | Date: 11/28/23
[GIVE] > Name: AK33L(16) | Class: Wanted | Weapon: Sniper Rifle | Damage: 41.25 | Health: 35.00 | Armor: 100.00 | Time: 00:54:03 | Date: 11/28/23
[GIVE] > Name: AK33L(16) | Class: Wanted | Weapon: Sniper Rifle | Damage: 41.25 | Health: 35.00 | Armor: 63.00 | Time: 00:54:27 | Date: 11/28/23
[GIVE] > Name: AK33L(16) | Class: Wanted | Weapon: Sniper Rifle | Damage: 41.25 | Health: 35.00 | Armor: 21.00 | Time: 00:54:28 | Date: 11/28/23
[GIVE] > Name: Xwhite(0) | Class: Wanted | Weapon: Sniper Rifle | Damage: 41.25 | Health: 100.00 | Armor: 63.00 | Time: 00:54:33 | Date: 11/28/23
[GIVE] > Name: Xwhite(0) | Class: Wanted | Weapon: Sniper Rifle | Damage: 41.25 | Health: 100.00 | Armor: 21.00 | Time: 00:54:34 | Date: 11/28/23
[GIVE] > Name: molep(17) | Class: Wanted | Weapon: Tec-9 | Damage: 6.60 | Health: 100.00 | Armor: 100.00 | Time: 00:55:39 | Date: 11/28/23
[GIVE] > Name: molep(17) | Class: Wanted | Weapon: Tec-9 | Damage: 6.60 | Health: 100.00 | Armor: 100.00 | Time: 00:55:39 | Date: 11/28/23
[GIVE] > Name: molep(17) | Class: Wanted | Weapon: Tec-9 | Damage: 6.60 | Health: 100.00 | Armor: 98.00 | Time: 00:55:39 | Date: 11/28/23
[GIVE] > Name: molep(17) | Class: Wanted | Weapon: Tec-9 | Damage: 6.60 | Health: 100.00 | Armor: 91.00 | Time: 00:55:39 | Date: 11/28/23
[GIVE] > Name: molep(17) | Class: Wanted | Weapon: Tec-9 | Damage: 6.60 | Health: 100.00 | Armor: 84.00 | Time: 00:55:39 | Date: 11/28/23
[GIVE] > Name: molep(17) | Class: Wanted | Weapon: Tec-9 | Damage: 6.60 | Health: 100.00 | Armor: 77.00 | Time: 00:55:39 | Date: 11/28/23
[GIVE] > Name: molep(17) | Class: Wanted | Weapon: Tec-9 | Damage: 6.60 | Health: 100.00 | Armor: 70.00 | Time: 00:55:39 | Date: 11/28/23
[GIVE] > Name: molep(17) | Class: Wanted | Weapon: Tec-9 | Damage: 6.60 | Health: 100.00 | Armor: 63.00 | Time: 00:55:40 | Date: 11/28/23
[GIVE] > Name: molep(17) | Class: Wanted | Weapon: Tec-9 | Damage: 6.60 | Health: 100.00 | Armor: 56.00 | Time: 00:55:40 | Date: 11/28/23
[GIVE] > Name: molep(17) | Class: Wanted | Weapon: Tec-9 | Damage: 6.60 | Health: 100.00 | Armor: 49.00 | Time: 00:55:40 | Date: 11/28/23
[GIVE] > Name: molep(17) | Class: Wanted | Weapon: Tec-9 | Damage: 6.60 | Health: 100.00 | Armor: 42.00 | Time: 00:55:40 | Date: 11/28/23
[GIVE] > Name: molep(17) | Class: Wanted | Weapon: Tec-9 | Damage: 6.60 | Health: 100.00 | Armor: 28.00 | Time: 00:55:40 | Date: 11/28/23
[GIVE] > Name: molep(17) | Class: Wanted | Weapon: Tec-9 | Damage: 6.60 | Health: 100.00 | Armor: 21.00 | Time: 00:55:41 | Date: 11/28/23
[GIVE] > Name: molep(17) | Class: Wanted | Weapon: Tec-9 | Damage: 6.60 | Health: 100.00 | Armor: 14.00 | Time: 00:55:41 | Date: 11/28/23
[GIVE] > Name: molep(17) | Class: Wanted | Weapon: Tec-9 | Damage: 6.60 | Health: 100.00 | Armor: 14.00 | Time: 00:55:41 | Date: 11/28/23
[GIVE] > Name: molep(17) | Class: Wanted | Weapon: Tec-9 | Damage: 6.60 | Health: 100.00 | Armor: 7.00 | Time: 00:55:41 | Date: 11/28/23
[GIVE] > Name: molep(17) | Class: Wanted | Weapon: Tec-9 | Damage: 6.60 | Health: 100.00 | Armor: 7.00 | Time: 00:55:41 | Date: 11/28/23
[GIVE] > Name: molep(17) | Class: Wanted | Weapon: Tec-9 | Damage: 6.60 | Health: 98.00 | Armor: 0.00 | Time: 00:55:41 | Date: 11/28/23
[GIVE] > Name: molep(17) | Class: Wanted | Weapon: Tec-9 | Damage: 6.60 | Health: 91.00 | Armor: 0.00 | Time: 00:55:41 | Date: 11/28/23
[GIVE] > Name: molep(17) | Class: Wanted | Weapon: Tec-9 | Damage: 6.60 | Health: 84.00 | Armor: 0.00 | Time: 00:55:41 | Date: 11/28/23
[GIVE] > Name: molep(17) | Class: Wanted | Weapon: Tec-9 | Damage: 6.60 | Health: 77.00 | Armor: 0.00 | Time: 00:55:42 | Date: 11/28/23
[GIVE] > Name: molep(17) | Class: Wanted | Weapon: Tec-9 | Damage: 6.60 | Health: 70.00 | Armor: 0.00 | Time: 00:55:42 | Date: 11/28/23
[GIVE] > Name: molep(17) | Class: Wanted | Weapon: Tec-9 | Damage: 6.60 | Health: 63.00 | Armor: 0.00 | Time: 00:55:42 | Date: 11/28/23
[GIVE] > Name: molep(17) | Class: Wanted | Weapon: Tec-9 | Damage: 6.60 | Health: 56.00 | Armor: 0.00 | Time: 00:55:42 | Date: 11/28/23
[GIVE] > Name: molep(17) | Class: Wanted | Weapon: Tec-9 | Damage: 6.60 | Health: 49.00 | Armor: 0.00 | Time: 00:55:42 | Date: 11/28/23
[GIVE] > Name: molep(17) | Class: Wanted | Weapon: Tec-9 | Damage: 6.60 | Health: 35.00 | Armor: 0.00 | Time: 00:55:45 | Date: 11/28/23
[GIVE] > Name: molep(17) | Class: Wanted | Weapon: Tec-9 | Damage: 6.60 | Health: 35.00 | Armor: 0.00 | Time: 00:55:45 | Date: 11/28/23
[GIVE] > Name: molep(17) | Class: Wanted | Weapon: Tec-9 | Damage: 6.60 | Health: 21.00 | Armor: 0.00 | Time: 00:55:47 | Date: 11/28/23
[GIVE] > Name: molep(17) | Class: Wanted | Weapon: Tec-9 | Damage: 6.60 | Health: 21.00 | Armor: 0.00 | Time: 00:55:47 | Date: 11/28/23
[GIVE] > Name: molep(17) | Class: Wanted | Weapon: Tec-9 | Damage: 6.60 | Health: 21.00 | Armor: 0.00 | Time: 00:55:48 | Date: 11/28/23
[GIVE] > Name: molep(17) | Class: Wanted | Weapon: Tec-9 | Damage: 6.60 | Health: 14.00 | Armor: 0.00 | Time: 00:55:48 | Date: 11/28/23
[GIVE] > Name: molep(17) | Class: Wanted | Weapon: Tec-9 | Damage: 6.60 | Health: 0.00 | Armor: 0.00 | Time: 00:55:48 | Date: 11/28/23
[GIVE] > Name: molep(17) | Class: Dead | Weapon: Tec-9 | Damage: 6.60 | Health: 0.00 | Armor: 0.00 | Time: 00:55:48 | Date: 11/28/23
[GIVE] > Name: molep(17) | Class: Dead | Weapon: Tec-9 | Damage: 6.60 | Health: 0.00 | Armor: 0.00 | Time: 00:55:48 | Date: 11/28/23
[GIVE] > Name: molep(17) | Class: Dead | Weapon: Tec-9 | Damage: 6.60 | Health: 0.00 | Armor: 0.00 | Time: 00:55:48 | Date: 11/28/23
[GIVE] > Name: Faraon(14) | Class: Wanted | Weapon: Sniper Rifle | Damage: 41.25 | Health: 100.00 | Armor: 0.00 | Time: 00:56:13 | Date: 11/28/23
[GIVE] > Name: Xwhite(0) | Class: Highly Wanted | Weapon: Sawnoff Shotgun | Damage: 9.90 | Health: 100.00 | Armor: 100.00 | Time: 00:56:16 | Date: 11/28/23
[GIVE] > Name: Xwhite(0) | Class: Highly Wanted | Weapon: Sawnoff Shotgun | Damage: 6.60 | Health: 100.00 | Armor: 98.00 | Time: 00:56:16 | Date: 11/28/23
[GIVE] > Name: Xwhite(0) | Class: Highly Wanted | Weapon: Sawnoff Shotgun | Damage: 13.20 | Health: 100.00 | Armor: 91.00 | Time: 00:56:17 | Date: 11/28/23
[GIVE] > Name: Xwhite(0) | Class: Highly Wanted | Weapon: Sawnoff Shotgun | Damage: 6.60 | Health: 100.00 | Armor: 84.00 | Time: 00:56:17 | Date: 11/28/23
[GIVE] > Name: Xwhite(0) | Class: Highly Wanted | Weapon: Sawnoff Shotgun | Damage: 3.30 | Health: 100.00 | Armor: 77.00 | Time: 00:56:18 | Date: 11/28/23
[GIVE] > Name: Faraon(14) | Class: Wanted | Weapon: Sniper Rifle | Damage: 41.25 | Health: 63.00 | Armor: 0.00 | Time: 00:56:50 | Date: 11/28/23
[GIVE] > Name: Faraon(14) | Class: Wanted | Weapon: M4 | Damage: 9.90 | Health: 21.00 | Armor: 0.00 | Time: 00:56:52 | Date: 11/28/23
[GIVE] > Name: Faraon(14) | Class: Wanted | Weapon: M4 | Damage: 9.90 | Health: 14.00 | Armor: 0.00 | Time: 00:56:53 | Date: 11/28/23
[GIVE] > Name: Xwhite(0) | Class: Highly Wanted | Weapon: Sawnoff Shotgun | Damage: 36.30 | Health: 100.00 | Armor: 77.00 | Time: 00:56:54 | Date: 11/28/23
[GIVE] > Name: Xwhite(0) | Class: Highly Wanted | Weapon: Sawnoff Shotgun | Damage: 9.90 | Health: 100.00 | Armor: 56.00 | Time: 00:56:54 | Date: 11/28/23
[GIVE] > Name: AK33L(16) | Class: Highly Wanted | Weapon: M4 | Damage: 9.90 | Health: 14.00 | Armor: 100.00 | Time: 00:56:57 | Date: 11/28/23
[GIVE] > Name: AK33L(16) | Class: Highly Wanted | Weapon: M4 | Damage: 9.90 | Health: 14.00 | Armor: 100.00 | Time: 00:56:58 | Date: 11/28/23
[GIVE] > Name: AK33L(16) | Class: Highly Wanted | Weapon: M4 | Damage: 9.90 | Health: 14.00 | Armor: 91.00 | Time: 00:56:58 | Date: 11/28/23
[GIVE] > Name: AK33L(16) | Class: Highly Wanted | Weapon: M4 | Damage: 9.90 | Health: 14.00 | Armor: 70.00 | Time: 00:56:58 | Date: 11/28/23
[GIVE] > Name: AK33L(16) | Class: Highly Wanted | Weapon: M4 | Damage: 9.90 | Health: 14.00 | Armor: 63.00 | Time: 00:56:59 | Date: 11/28/23
[GIVE] > Name: AK33L(16) | Class: Highly Wanted | Weapon: M4 | Damage: 9.90 | Health: 14.00 | Armor: 56.00 | Time: 00:56:59 | Date: 11/28/23
[GIVE] > Name: AK33L(16) | Class: Highly Wanted | Weapon: M4 | Damage: 9.90 | Health: 14.00 | Armor: 42.00 | Time: 00:57:00 | Date: 11/28/23
[GIVE] > Name: AK33L(16) | Class: Highly Wanted | Weapon: M4 | Damage: 9.90 | Health: 14.00 | Armor: 42.00 | Time: 00:57:00 | Date: 11/28/23
[GIVE] > Name: AK33L(16) | Class: Highly Wanted | Weapon: M4 | Damage: 9.90 | Health: 14.00 | Armor: 42.00 | Time: 00:57:00 | Date: 11/28/23
[GIVE] > Name: AK33L(16) | Class: Highly Wanted | Weapon: M4 | Damage: 9.90 | Health: 14.00 | Armor: 42.00 | Time: 00:57:01 | Date: 11/28/23
[GIVE] > Name: AK33L(16) | Class: Highly Wanted | Weapon: M4 | Damage: 9.90 | Health: 14.00 | Armor: 0.00 | Time: 00:57:01 | Date: 11/28/23
[GIVE] > Name: Xwhite(0) | Class: Most Wanted | Weapon: Sniper Rifle | Damage: 41.25 | Health: 100.00 | Armor: 49.00 | Time: 00:58:10 | Date: 11/28/23
[GIVE] > Name: AK33L(16) | Class: Highly Wanted | Weapon: Sniper Rifle | Damage: 41.25 | Health: 100.00 | Armor: 100.00 | Time: 00:58:31 | Date: 11/28/23
[GIVE] > Name: AK33L(16) | Class: Highly Wanted | Weapon: Sniper Rifle | Damage: 41.25 | Health: 100.00 | Armor: 63.00 | Time: 00:58:32 | Date: 11/28/23
[GIVE] > Name: AK33L(16) | Class: Highly Wanted | Weapon: Sniper Rifle | Damage: 41.25 | Health: 100.00 | Armor: 21.00 | Time: 00:58:33 | Date: 11/28/23
[GIVE] > Name: Xwhite(0) | Class: Most Wanted | Weapon: Sniper Rifle | Damage: 41.25 | Health: 100.00 | Armor: 7.00 | Time: 00:58:36 | Date: 11/28/23
[GIVE] > Name: Xwhite(0) | Class: Most Wanted | Weapon: Sawnoff Shotgun | Damage: 3.30 | Health: 70.00 | Armor: 0.00 | Time: 00:58:38 | Date: 11/28/23
[GIVE] > Name: Xwhite(0) | Class: Most Wanted | Weapon: Sawnoff Shotgun | Damage: 9.90 | Health: 63.00 | Armor: 0.00 | Time: 00:58:40 | Date: 11/28/23
[GIVE] > Name: Xwhite(0) | Class: Most Wanted | Weapon: Sawnoff Shotgun | Damage: 16.50 | Health: 63.00 | Armor: 0.00 | Time: 00:58:41 | Date: 11/28/23
[GIVE] > Name: Xwhite(0) | Class: Most Wanted | Weapon: Sawnoff Shotgun | Damage: 39.60 | Health: 56.00 | Armor: 0.00 | Time: 00:58:41 | Date: 11/28/23
[GIVE] > Name: Xwhite(0) | Class: Most Wanted | Weapon: Sawnoff Shotgun | Damage: 26.40 | Health: 35.00 | Armor: 0.00 | Time: 00:58:42 | Date: 11/28/23
[GIVE] > Name: Xwhite(0) | Class: Most Wanted | Weapon: Sawnoff Shotgun | Damage: 13.20 | Health: 21.00 | Armor: 0.00 | Time: 00:58:42 | Date: 11/28/23
[GIVE] > Name: Xwhite(0) | Class: Most Wanted | Weapon: Sawnoff Shotgun | Damage: 33.00 | Health: 14.00 | Armor: 0.00 | Time: 00:58:43 | Date: 11/28/23
[GIVE] > Name: Xwhite(0) | Class: Dead | Weapon: Sawnoff Shotgun | Damage: 6.60 | Health: 0.00 | Armor: 0.00 | Time: 00:58:43 | Date: 11/28/23
[GIVE] > Name: AK33L(16) | Class: Highly Wanted | Weapon: Sawnoff Shotgun | Damage: 3.30 | Health: 77.00 | Armor: 0.00 | Time: 00:58:44 | Date: 11/28/23
[GIVE] > Name: AK33L(16) | Class: Highly Wanted | Weapon: Sawnoff Shotgun | Damage: 16.50 | Health: 77.00 | Armor: 0.00 | Time: 00:58:44 | Date: 11/28/23
[GIVE] > Name: AK33L(16) | Class: Highly Wanted | Weapon: Sawnoff Shotgun | Damage: 6.60 | Health: 70.00 | Armor: 0.00 | Time: 00:58:45 | Date: 11/28/23
[GIVE] > Name: AK33L(16) | Class: Highly Wanted | Weapon: Sawnoff Shotgun | Damage: 46.20 | Health: 63.00 | Armor: 0.00 | Time: 00:58:46 | Date: 11/28/23
[GIVE] > Name: AK33L(16) | Class: Highly Wanted | Weapon: Sawnoff Shotgun | Damage: 39.60 | Health: 35.00 | Armor: 0.00 | Time: 00:58:46 | Date: 11/28/23
[GIVE] > Name: AK33L(16) | Class: Highly Wanted | Weapon: Sawnoff Shotgun | Damage: 3.30 | Health: 14.00 | Armor: 0.00 | Time: 00:58:47 | Date: 11/28/23
[GIVE] > Name: AK33L(16) | Class: Highly Wanted | Weapon: Sawnoff Shotgun | Damage: 29.70 | Health: 7.00 | Armor: 0.00 | Time: 00:58:48 | Date: 11/28/23
[GIVE] > Name: AK33L(16) | Class: Dead | Weapon: Sawnoff Shotgun | Damage: 9.90 | Health: 0.00 | Armor: 0.00 | Time: 00:58:48 | Date: 11/28/23
[GIVE] > Name: wazir(10) | Class: Most Wanted | Weapon: Sawnoff Shotgun | Damage: 29.70 | Health: 100.00 | Armor: 100.00 | Time: 00:58:49 | Date: 11/28/23
[GIVE] > Name: wazir(10) | Class: Most Wanted | Weapon: Sawnoff Shotgun | Damage: 29.70 | Health: 100.00 | Armor: 84.00 | Time: 00:58:49 | Date: 11/28/23
[GIVE] > Name: wazir(10) | Class: Most Wanted | Weapon: Sawnoff Shotgun | Damage: 23.10 | Health: 100.00 | Armor: 63.00 | Time: 00:58:51 | Date: 11/28/23
[GIVE] > Name: wazir(10) | Class: Most Wanted | Weapon: Sawnoff Shotgun | Damage: 26.40 | Health: 100.00 | Armor: 49.00 | Time: 00:58:52 | Date: 11/28/23
[GIVE] > Name: wazir(10) | Class: Most Wanted | Weapon: Sawnoff Shotgun | Damage: 29.70 | Health: 100.00 | Armor: 35.00 | Time: 00:58:53 | Date: 11/28/23
[GIVE] > Name: wazir(10) | Class: Most Wanted | Weapon: Sawnoff Shotgun | Damage: 16.50 | Health: 100.00 | Armor: 21.00 | Time: 00:58:53 | Date: 11/28/23
[GIVE] > Name: Xwhite(0) | Class: Wanted | Weapon: Sniper Rifle | Damage: 41.25 | Health: 100.00 | Armor: 100.00 | Time: 00:59:47 | Date: 11/28/23
[GIVE] > Name: Xwhite(0) | Class: Wanted | Weapon: Sawnoff Shotgun | Damage: 3.30 | Health: 100.00 | Armor: 63.00 | Time: 01:00:10 | Date: 11/28/23
[GIVE] > Name: Xwhite(0) | Class: Wanted | Weapon: Sawnoff Shotgun | Damage: 3.30 | Health: 100.00 | Armor: 56.00 | Time: 01:00:10 | Date: 11/28/23
[GIVE] > Name: Faraon(14) | Class: Wanted | Weapon: M4 | Damage: 9.90 | Health: 100.00 | Armor: 0.00 | Time: 01:00:18 | Date: 11/28/23
[GIVE] > Name: Xwhite(0) | Class: Wanted | Weapon: Sawnoff Shotgun | Damage: 13.20 | Health: 100.00 | Armor: 56.00 | Time: 01:00:25 | Date: 11/28/23
[GIVE] > Name: Xwhite(0) | Class: Wanted | Weapon: Sawnoff Shotgun | Damage: 6.60 | Health: 100.00 | Armor: 49.00 | Time: 01:00:26 | Date: 11/28/23
[GIVE] > Name: Faraon(14) | Class: Wanted | Weapon: Sawnoff Shotgun | Damage: 16.50 | Health: 91.00 | Armor: 0.00 | Time: 01:00:28 | Date: 11/28/23
[GIVE] > Name: AK33L(16) | Class: Wanted | Weapon: Sawnoff Shotgun | Damage: 26.40 | Health: 77.00 | Armor: 0.00 | Time: 01:00:31 | Date: 11/28/23
[GIVE] > Name: AK33L(16) | Class: Wanted | Weapon: Sawnoff Shotgun | Damage: 6.60 | Health: 63.00 | Armor: 0.00 | Time: 01:00:32 | Date: 11/28/23
[GIVE] > Name: Faraon(14) | Class: Wanted | Weapon: Sawnoff Shotgun | Damage: 19.80 | Health: 84.00 | Armor: 0.00 | Time: 01:00:33 | Date: 11/28/23
[GIVE] > Name: Faraon(14) | Class: Wanted | Weapon: Sawnoff Shotgun | Damage: 16.50 | Health: 70.00 | Armor: 0.00 | Time: 01:00:34 | Date: 11/28/23
[GIVE] > Name: Faraon(14) | Class: Wanted | Weapon: Sawnoff Shotgun | Damage: 9.90 | Health: 56.00 | Armor: 0.00 | Time: 01:00:34 | Date: 11/28/23
[GIVE] > Name: Faraon(14) | Class: Wanted | Weapon: Sawnoff Shotgun | Damage: 23.10 | Health: 56.00 | Armor: 0.00 | Time: 01:00:34 | Date: 11/28/23
[GIVE] > Name: Xwhite(0) | Class: Wanted | Weapon: Sniper Rifle | Damage: 41.25 | Health: 100.00 | Armor: 0.00 | Time: 01:01:27 | Date: 11/28/23
[GIVE] > Name: Xwhite(0) | Class: Wanted | Weapon: Sniper Rifle | Damage: 41.25 | Health: 63.00 | Armor: 0.00 | Time: 01:01:28 | Date: 11/28/23
[GIVE] > Name: Faraon(14) | Class: Wanted | Weapon: Sniper Rifle | Damage: 41.25 | Health: 42.00 | Armor: 100.00 | Time: 01:01:31 | Date: 11/28/23
[GIVE] > Name: Faraon(14) | Class: Wanted | Weapon: Sniper Rifle | Damage: 41.25 | Health: 42.00 | Armor: 63.00 | Time: 01:01:35 | Date: 11/28/23
[GIVE] > Name: Faraon(14) | Class: Wanted | Weapon: Sniper Rifle | Damage: 41.25 | Health: 42.00 | Armor: 21.00 | Time: 01:01:43 | Date: 11/28/23
[GIVE] > Name: Faraon(14) | Class: Wanted | Weapon: Sniper Rifle | Damage: 41.25 | Health: 14.00 | Armor: 0.00 | Time: 01:01:44 | Date: 11/28/23
[GIVE] > Name: AK33L(16) | Class: Wanted | Weapon: Sniper Rifle | Damage: 41.25 | Health: 56.00 | Armor: 0.00 | Time: 01:01:49 | Date: 11/28/23
[GIVE] > Name: wazir(10) | Class: Most Wanted | Weapon: Sniper Rifle | Damage: 41.25 | Health: 100.00 | Armor: 56.00 | Time: 01:02:52 | Date: 11/28/23
[GIVE] > Name: Faraon(14) | Class: Highly Wanted | Weapon: Sniper Rifle | Damage: 41.25 | Health: 100.00 | Armor: 0.00 | Time: 01:02:54 | Date: 11/28/23
[GIVE] > Name: Faraon(14) | Class: Highly Wanted | Weapon: Sniper Rifle | Damage: 41.25 | Health: 63.00 | Armor: 0.00 | Time: 01:02:55 | Date: 11/28/23
[GIVE] > Name: wazir(10) | Class: Most Wanted | Weapon: Sniper Rifle | Damage: 41.25 | Health: 100.00 | Armor: 14.00 | Time: 01:03:03 | Date: 11/28/23
[GIVE] > Name: wazir(10) | Class: Most Wanted | Weapon: Sniper Rifle | Damage: 41.25 | Health: 70.00 | Armor: 0.00 | Time: 01:03:04 | Date: 11/28/23
[GIVE] > Name: AK33L(16) | Class: Wanted | Weapon: Sniper Rifle | Damage: 41.25 | Health: 14.00 | Armor: 100.00 | Time: 01:03:13 | Date: 11/28/23
[GIVE] > Name: Xwhite(0) | Class: Highly Wanted | Weapon: Sniper Rifle | Damage: 41.25 | Health: 100.00 | Armor: 100.00 | Time: 01:03:23 | Date: 11/28/23
[GIVE] > Name: Xwhite(0) | Class: Highly Wanted | Weapon: Sniper Rifle | Damage: 41.25 | Health: 100.00 | Armor: 63.00 | Time: 01:03:24 | Date: 11/28/23
[GIVE] > Name: AK33L(16) | Class: Wanted | Weapon: Sniper Rifle | Damage: 41.25 | Health: 14.00 | Armor: 63.00 | Time: 01:03:28 | Date: 11/28/23
[GIVE] > Name: AK33L(16) | Class: Wanted | Weapon: Sniper Rifle | Damage: 41.25 | Health: 14.00 | Armor: 21.00 | Time: 01:03:53 | Date: 11/28/23
[GIVE] > Name: Faraon(14) | Class: Highly Wanted | Weapon: Sawnoff Shotgun | Damage: 6.60 | Health: 21.00 | Armor: 100.00 | Time: 01:04:08 | Date: 11/28/23
[GIVE] > Name: Faraon(14) | Class: Highly Wanted | Weapon: Sawnoff Shotgun | Damage: 6.60 | Health: 21.00 | Armor: 98.00 | Time: 01:04:10 | Date: 11/28/23
[GIVE] > Name: Faraon(14) | Class: Highly Wanted | Weapon: Sawnoff Shotgun | Damage: 23.10 | Health: 21.00 | Armor: 91.00 | Time: 01:04:11 | Date: 11/28/23
[GIVE] > Name: Faraon(14) | Class: Highly Wanted | Weapon: Sawnoff Shotgun | Damage: 36.30 | Health: 14.00 | Armor: 77.00 | Time: 01:04:11 | Date: 11/28/23
[GIVE] > Name: Faraon(14) | Class: Highly Wanted | Weapon: Sawnoff Shotgun | Damage: 19.80 | Health: 21.00 | Armor: 56.00 | Time: 01:04:12 | Date: 11/28/23
[GIVE] > Name: Faraon(14) | Class: Highly Wanted | Weapon: Sawnoff Shotgun | Damage: 9.90 | Health: 21.00 | Armor: 49.00 | Time: 01:04:12 | Date: 11/28/23
[GIVE] > Name: Faraon(14) | Class: Highly Wanted | Weapon: Desert Eagle | Damage: 46.20 | Health: 21.00 | Armor: 42.00 | Time: 01:04:13 | Date: 11/28/23
[GIVE] > Name: Faraon(14) | Class: Highly Wanted | Weapon: Desert Eagle | Damage: 46.20 | Health: 14.00 | Armor: 0.00 | Time: 01:04:14 | Date: 11/28/23
[GIVE] > Name: Xwhite(0) | Class: Highly Wanted | Weapon: Sniper Rifle | Damage: 41.25 | Health: 100.00 | Armor: 21.00 | Time: 01:04:22 | Date: 11/28/23
[GIVE] > Name: Xwhite(0) | Class: Highly Wanted | Weapon: Sniper Rifle | Damage: 41.25 | Health: 77.00 | Armor: 0.00 | Time: 01:04:23 | Date: 11/28/23
[GIVE] > Name: wazir(10) | Class: Most Wanted | Weapon: Sniper Rifle | Damage: 41.25 | Health: 28.00 | Armor: 0.00 | Time: 01:04:33 | Date: 11/28/23
[GIVE] > Name: Xwhite(0) | Class: Most Wanted | Weapon: Sniper Rifle | Damage: 41.25 | Health: 77.00 | Armor: 0.00 | Time: 01:04:34 | Date: 11/28/23
[GIVE] > Name: Xwhite(0) | Class: Most Wanted | Weapon: Sniper Rifle | Damage: 41.25 | Health: 84.00 | Armor: 0.00 | Time: 01:04:56 | Date: 11/28/23
[GIVE] > Name: Xwhite(0) | Class: Most Wanted | Weapon: Sniper Rifle | Damage: 41.25 | Health: 42.00 | Armor: 0.00 | Time: 01:04:57 | Date: 11/28/23
[GIVE] > Name: Xwhite(0) | Class: Most Wanted | Weapon: Sniper Rifle | Damage: 41.25 | Health: 100.00 | Armor: 0.00 | Time: 01:05:27 | Date: 11/28/23
[GIVE] > Name: Xwhite(0) | Class: Most Wanted | Weapon: Sniper Rifle | Damage: 41.25 | Health: 63.00 | Armor: 0.00 | Time: 01:05:28 | Date: 11/28/23
[GIVE] > Name: AK33L(16) | Class: Wanted | Weapon: Sniper Rifle | Damage: 41.25 | Health: 98.00 | Armor: 100.00 | Time: 01:05:34 | Date: 11/28/23
[GIVE] > Name: AK33L(16) | Class: Wanted | Weapon: Sniper Rifle | Damage: 41.25 | Health: 98.00 | Armor: 63.00 | Time: 01:05:35 | Date: 11/28/23
[GIVE] > Name: AK33L(16) | Class: Wanted | Weapon: Sniper Rifle | Damage: 41.25 | Health: 98.00 | Armor: 21.00 | Time: 01:05:36 | Date: 11/28/23
[GIVE] > Name: wazir(10) | Class: Wanted | Weapon: Sniper Rifle | Damage: 41.25 | Health: 100.00 | Armor: 100.00 | Time: 01:06:01 | Date: 11/28/23
[GIVE] > Name: wazir(10) | Class: Wanted | Weapon: Sniper Rifle | Damage: 41.25 | Health: 100.00 | Armor: 63.00 | Time: 01:06:02 | Date: 11/28/23
[GIVE] > Name: wazir(10) | Class: Wanted | Weapon: M4 | Damage: 9.90 | Health: 100.00 | Armor: 21.00 | Time: 01:06:07 | Date: 11/28/23
[GIVE] > Name: wazir(10) | Class: Wanted | Weapon: M4 | Damage: 9.90 | Health: 100.00 | Armor: 7.00 | Time: 01:06:07 | Date: 11/28/23
[GIVE] > Name: wazir(10) | Class: Wanted | Weapon: M4 | Damage: 9.90 | Health: 91.00 | Armor: 0.00 | Time: 01:06:07 | Date: 11/28/23
[GIVE] > Name: wazir(10) | Class: Wanted | Weapon: M4 | Damage: 9.90 | Health: 91.00 | Armor: 0.00 | Time: 01:06:08 | Date: 11/28/23
[GIVE] > Name: wazir(10) | Class: Wanted | Weapon: Sawnoff Shotgun | Damage: 19.80 | Health: 77.00 | Armor: 0.00 | Time: 01:06:08 | Date: 11/28/23
[GIVE] > Name: wazir(10) | Class: Wanted | Weapon: Sawnoff Shotgun | Damage: 6.60 | Health: 70.00 | Armor: 0.00 | Time: 01:06:08 | Date: 11/28/23
[GIVE] > Name: wazir(10) | Class: Wanted | Weapon: Sawnoff Shotgun | Damage: 3.30 | Health: 63.00 | Armor: 0.00 | Time: 01:06:09 | Date: 11/28/23
[GIVE] > Name: wazir(10) | Class: Wanted | Weapon: Sawnoff Shotgun | Damage: 49.50 | Health: 63.00 | Armor: 0.00 | Time: 01:06:11 | Date: 11/28/23
[GIVE] > Name: wazir(10) | Class: Wanted | Weapon: Sawnoff Shotgun | Damage: 46.20 | Health: 35.00 | Armor: 0.00 | Time: 01:06:11 | Date: 11/28/23
[GIVE] > Name: wazir(10) | Class: Wanted | Weapon: Sawnoff Shotgun | Damage: 33.00 | Health: 7.00 | Armor: 0.00 | Time: 01:06:12 | Date: 11/28/23
[GIVE] > Name: wazir(10) | Class: Dead | Weapon: Sawnoff Shotgun | Damage: 9.90 | Health: 0.00 | Armor: 0.00 | Time: 01:06:12 | Date: 11/28/23
[GIVE] > Name: AK33L(16) | Class: Highly Wanted | Weapon: Sniper Rifle | Damage: 41.25 | Health: 100.00 | Armor: 0.00 | Time: 01:06:21 | Date: 11/28/23
[GIVE] > Name: Xwhite(0) | Class: Most Wanted | Weapon: Sniper Rifle | Damage: 41.25 | Health: 98.00 | Armor: 0.00 | Time: 01:06:24 | Date: 11/28/23
[GIVE] > Name: Xwhite(0) | Class: Most Wanted | Weapon: Sniper Rifle | Damage: 41.25 | Health: 84.00 | Armor: 0.00 | Time: 01:06:33 | Date: 11/28/23
[GIVE] > Name: AK33L(16) | Class: Highly Wanted | Weapon: Sniper Rifle | Damage: 41.25 | Health: 63.00 | Armor: 0.00 | Time: 01:06:45 | Date: 11/28/23
[GIVE] > Name: AK33L(16) | Class: Highly Wanted | Weapon: Sniper Rifle | Damage: 41.25 | Health: 21.00 | Armor: 0.00 | Time: 01:06:46 | Date: 11/28/23
[GIVE] > Name: Xwhite(0) | Class: Most Wanted | Weapon: Sniper Rifle | Damage: 41.25 | Health: 100.00 | Armor: 0.00 | Time: 01:06:47 | Date: 11/28/23
[GIVE] > Name: Xwhite(0) | Class: Most Wanted | Weapon: Sniper Rifle | Damage: 41.25 | Health: 100.00 | Armor: 0.00 | Time: 01:07:20 | Date: 11/28/23
[GIVE] > Name: wazir(10) | Class: Wanted | Weapon: Sniper Rifle | Damage: 41.25 | Health: 100.00 | Armor: 100.00 | Time: 01:08:16 | Date: 11/28/23
[GIVE] > Name: wazir(10) | Class: Wanted | Weapon: Sniper Rifle | Damage: 41.25 | Health: 100.00 | Armor: 63.00 | Time: 01:08:17 | Date: 11/28/23
[GIVE] > Name: wazir(10) | Class: Wanted | Weapon: Sniper Rifle | Damage: 41.25 | Health: 100.00 | Armor: 21.00 | Time: 01:08:20 | Date: 11/28/23
[GIVE] > Name: wazir(10) | Class: Wanted | Weapon: Sniper Rifle | Damage: 41.25 | Health: 77.00 | Armor: 0.00 | Time: 01:08:21 | Date: 11/28/23
[GIVE] > Name: wazir(10) | Class: Wanted | Weapon: Sniper Rifle | Damage: 41.25 | Health: 35.00 | Armor: 0.00 | Time: 01:08:26 | Date: 11/28/23
[GIVE] > Name: Xwhite(0) | Class: Most Wanted | Weapon: Sniper Rifle | Damage: 41.25 | Health: 100.00 | Armor: 100.00 | Time: 01:08:38 | Date: 11/28/23
[GIVE] > Name: Xwhite(0) | Class: Most Wanted | Weapon: Sniper Rifle | Damage: 41.25 | Health: 100.00 | Armor: 63.00 | Time: 01:08:39 | Date: 11/28/23
[GIVE] > Name: Xwhite(0) | Class: Most Wanted | Weapon: Sniper Rifle | Damage: 41.25 | Health: 100.00 | Armor: 21.00 | Time: 01:08:40 | Date: 11/28/23
[GIVE] > Name: Xwhite(0) | Class: Most Wanted | Weapon: Sniper Rifle | Damage: 41.25 | Health: 77.00 | Armor: 0.00 | Time: 01:08:42 | Date: 11/28/23
[GIVE] > Name: jHaYcHrIS1(8) | Class: Wanted | Weapon: Sniper Rifle | Damage: 41.25 | Health: 98.00 | Armor: 100.00 | Time: 01:08:43 | Date: 11/28/23
[GIVE] > Name: Xwhite(0) | Class: Most Wanted | Weapon: Sniper Rifle | Damage: 41.25 | Health: 35.00 | Armor: 0.00 | Time: 01:08:44 | Date: 11/28/23
[GIVE] > Name: jHaYcHrIS1(8) | Class: Wanted | Weapon: Sniper Rifle | Damage: 41.25 | Health: 98.00 | Armor: 63.00 | Time: 01:08:58 | Date: 11/28/23
[GIVE] > Name: jHaYcHrIS1(8) | Class: Wanted | Weapon: Sniper Rifle | Damage: 41.25 | Health: 98.00 | Armor: 21.00 | Time: 01:09:06 | Date: 11/28/23
[GIVE] > Name: jHaYcHrIS1(8) | Class: Wanted | Weapon: Sawnoff Shotgun | Damage: 3.30 | Health: 100.00 | Armor: 0.00 | Time: 01:09:32 | Date: 11/28/23
[GIVE] > Name: jHaYcHrIS1(8) | Class: Wanted | Weapon: Sawnoff Shotgun | Damage: 23.10 | Health: 98.00 | Armor: 0.00 | Time: 01:09:32 | Date: 11/28/23
[GIVE] > Name: jHaYcHrIS1(8) | Class: Wanted | Weapon: Sawnoff Shotgun | Damage: 13.20 | Health: 84.00 | Armor: 0.00 | Time: 01:09:33 | Date: 11/28/23
[GIVE] > Name: jHaYcHrIS1(8) | Class: Wanted | Weapon: Sawnoff Shotgun | Damage: 33.00 | Health: 77.00 | Armor: 0.00 | Time: 01:09:34 | Date: 11/28/23
[GIVE] > Name: jHaYcHrIS1(8) | Class: Wanted | Weapon: Sawnoff Shotgun | Damage: 3.30 | Health: 56.00 | Armor: 0.00 | Time: 01:09:36 | Date: 11/28/23
[GIVE] > Name: jHaYcHrIS1(8) | Class: Wanted | Weapon: Sawnoff Shotgun | Damage: 13.20 | Health: 56.00 | Armor: 0.00 | Time: 01:09:36 | Date: 11/28/23
[GIVE] > Name: jHaYcHrIS1(8) | Class: Wanted | Weapon: Sawnoff Shotgun | Damage: 6.60 | Health: 49.00 | Armor: 0.00 | Time: 01:09:37 | Date: 11/28/23
[GIVE] > Name: jHaYcHrIS1(8) | Class: Wanted | Weapon: Sawnoff Shotgun | Damage: 16.50 | Health: 42.00 | Armor: 0.00 | Time: 01:09:37 | Date: 11/28/23
